This is pdfTeX, Version 3.14159265-2.6-1.40.15 (MiKTeX 2.9 64-bit) (preloaded format=pdflatex 2015.8.22)  24 AUG 2015 16:55
entering extended mode
**MRIpoweredRobots.tex
(MRIpoweredRobots.tex
LaTeX2e <2014/05/01>
Babel <3.9l> and hyphenation patterns for 68 languages loaded.
(svmult.cls
Document Class: svmult 2007/06/25 v5.4 
Springer Verlag global LaTeX document class for multi authored books

Class Springer-SVMult Warning: Specified option or subpackage "usenames" 
(Springer-SVMult)              not found - passing it to article class 
(Springer-SVMult)              - on input line 221.

Class Springer-SVMult Info: extra/valid Springer sub-package 
(Springer-SVMult)           not found in option list - using "global" style.
("F:\Program Files\MiKTeX 2.9\tex\latex\base\article.cls"
Document Class: article 2014/09/29 v1.4h Standard LaTeX document class
("F:\Program Files\MiKTeX 2.9\tex\latex\base\size10.clo"
File: size10.clo 2014/09/29 v1.4h Standard LaTeX file (size option)
)
\c@part=\count79
\c@section=\count80
\c@subsection=\count81
\c@subsubsection=\count82
\c@paragraph=\count83
\c@subparagraph=\count84
\c@figure=\count85
\c@table=\count86
\abovecaptionskip=\skip41
\belowcaptionskip=\skip42
\bibindent=\dimen102
)
\svparindent=\dimen103
\bibindent=\dimen104
\betweenumberspace=\dimen105
\headlineindent=\dimen106
\minitoc=\write3
\c@minitocdepth=\count87
\c@chapter=\count88
\mottowidth=\dimen107
\svitemindent=\dimen108
\verbatimindent=\dimen109
LaTeX Font Info:    Redeclaring math symbol \Gamma on input line 963.
LaTeX Font Info:    Redeclaring math symbol \Delta on input line 964.
LaTeX Font Info:    Redeclaring math symbol \Theta on input line 965.
LaTeX Font Info:    Redeclaring math symbol \Lambda on input line 966.
LaTeX Font Info:    Redeclaring math symbol \Xi on input line 967.
LaTeX Font Info:    Redeclaring math symbol \Pi on input line 968.
LaTeX Font Info:    Redeclaring math symbol \Sigma on input line 969.
LaTeX Font Info:    Redeclaring math symbol \Upsilon on input line 970.
LaTeX Font Info:    Redeclaring math symbol \Phi on input line 971.
LaTeX Font Info:    Redeclaring math symbol \Psi on input line 972.
LaTeX Font Info:    Redeclaring math symbol \Omega on input line 973.
\tocchpnum=\dimen110
\tocsecnum=\dimen111
\tocsectotal=\dimen112
\tocsubsecnum=\dimen113
\tocsubsectotal=\dimen114
\tocsubsubsecnum=\dimen115
\tocsubsubsectotal=\dimen116
\tocparanum=\dimen117
\tocparatotal=\dimen118
\tocsubparanum=\dimen119
\foot@parindent=\dimen120
\spthmsep=\dimen121
\c@theorem=\count89
\c@case=\count90
\c@conjecture=\count91
\c@corollary=\count92
\c@definition=\count93
\c@example=\count94
\c@exercise=\count95
\c@lemma=\count96
\c@note=\count97
\c@problem=\count98
\c@property=\count99
\c@proposition=\count100
\c@question=\count101
\c@solution=\count102
\c@remark=\count103
\c@prob=\count104
\instindent=\dimen122
\figgap=\dimen123
\bildb@x=\box26
\figcapgap=\dimen124
\tabcapgap=\dimen125
\c@merk=\count105
\c@@inst=\count106
\c@@auth=\count107
\c@auco=\count108
\instindent=\dimen126
\authrun=\box27
\authorrunning=\toks14
\tocauthor=\toks15
\titrun=\box28
\titlerunning=\toks16
\toctitle=\toks17
\c@contribution=\count109
LaTeX Info: Redefining \abstract on input line 2320.
)
("F:\Program Files\MiKTeX 2.9\tex\latex\graphics\color.sty"
Package: color 2014/10/28 v1.1a Standard LaTeX Color (DPC)

("F:\Program Files\MiKTeX 2.9\tex\latex\00miktex\color.cfg"
File: color.cfg 2007/01/18 v1.5 color configuration of teTeX/TeXLive
)
Package color Info: Driver file: pdftex.def on input line 137.

("F:\Program Files\MiKTeX 2.9\tex\latex\pdftex-def\pdftex.def"
File: pdftex.def 2011/05/27 v0.06d Graphics/color for pdfTeX

("F:\Program Files\MiKTeX 2.9\tex\generic\oberdiek\infwarerr.sty"
Package: infwarerr 2010/04/08 v1.3 Providing info/warning/error messages (HO)
)
("F:\Program Files\MiKTeX 2.9\tex\generic\oberdiek\ltxcmds.sty"
Package: ltxcmds 2011/11/09 v1.22 LaTeX kernel commands for general use (HO)
)
\Gread@gobject=\count110
))
("F:\Program Files\MiKTeX 2.9\tex\latex\framed\framed.sty"
Package: framed 2011/10/22 v 0.96: framed or shaded text with page breaks
\OuterFrameSep=\skip43
\fb@frw=\dimen127
\fb@frh=\dimen128
\FrameRule=\dimen129
\FrameSep=\dimen130
)
("F:\Program Files\MiKTeX 2.9\tex\latex\url\url.sty"
\Urlmuskip=\muskip10
Package: url 2013/09/16  ver 3.4  Verb mode for urls, etc.
)
("F:\Program Files\MiKTeX 2.9\tex\latex\hyperref\hyperref.sty"
Package: hyperref 2012/11/06 v6.83m Hypertext links for LaTeX

("F:\Program Files\MiKTeX 2.9\tex\generic\oberdiek\hobsub-hyperref.sty"
Package: hobsub-hyperref 2012/04/25 v1.12 Bundle oberdiek, subset hyperref (HO)


("F:\Program Files\MiKTeX 2.9\tex\generic\oberdiek\hobsub-generic.sty"
Package: hobsub-generic 2012/04/25 v1.12 Bundle oberdiek, subset generic (HO)
Package: hobsub 2012/04/25 v1.12 Construct package bundles (HO)
Package hobsub Info: Skipping package `infwarerr' (already loaded).
Package hobsub Info: Skipping package `ltxcmds' (already loaded).
Package: ifluatex 2010/03/01 v1.3 Provides the ifluatex switch (HO)
Package ifluatex Info: LuaTeX not detected.
Package: ifvtex 2010/03/01 v1.5 Detect VTeX and its facilities (HO)
Package ifvtex Info: VTeX not detected.
Package: intcalc 2007/09/27 v1.1 Expandable calculations with integers (HO)
Package: ifpdf 2011/01/30 v2.3 Provides the ifpdf switch (HO)
Package ifpdf Info: pdfTeX in PDF mode is detected.
Package: etexcmds 2011/02/16 v1.5 Avoid name clashes with e-TeX commands (HO)
Package etexcmds Info: Could not find \expanded.
(etexcmds)             That can mean that you are not using pdfTeX 1.50 or
(etexcmds)             that some package has redefined \expanded.
(etexcmds)             In the latter case, load this package earlier.
Package: kvsetkeys 2012/04/25 v1.16 Key value parser (HO)
Package: kvdefinekeys 2011/04/07 v1.3 Define keys (HO)
Package: pdftexcmds 2011/11/29 v0.20 Utility functions of pdfTeX for LuaTeX (HO
)
Package pdftexcmds Info: LuaTeX not detected.
Package pdftexcmds Info: \pdf@primitive is available.
Package pdftexcmds Info: \pdf@ifprimitive is available.
Package pdftexcmds Info: \pdfdraftmode found.
Package: pdfescape 2011/11/25 v1.13 Implements pdfTeX's escape features (HO)
Package: bigintcalc 2012/04/08 v1.3 Expandable calculations on big integers (HO
)
Package: bitset 2011/01/30 v1.1 Handle bit-vector datatype (HO)
Package: uniquecounter 2011/01/30 v1.2 Provide unlimited unique counter (HO)
)
Package hobsub Info: Skipping package `hobsub' (already loaded).
Package: letltxmacro 2010/09/02 v1.4 Let assignment for LaTeX macros (HO)
Package: hopatch 2011/06/24 v1.1 Wrapper for package hooks (HO)
Package: xcolor-patch 2011/01/30 xcolor patch
Package: atveryend 2011/06/30 v1.8 Hooks at the very end of document (HO)
Package atveryend Info: \enddocument detected (standard20110627).
Package: atbegshi 2011/10/05 v1.16 At begin shipout hook (HO)
Package: refcount 2011/10/16 v3.4 Data extraction from label references (HO)
Package: hycolor 2011/01/30 v1.7 Color options for hyperref/bookmark (HO)
)
("F:\Program Files\MiKTeX 2.9\tex\latex\graphics\keyval.sty"
Package: keyval 2014/10/28 v1.15 key=value parser (DPC)
\KV@toks@=\toks18
)
("F:\Program Files\MiKTeX 2.9\tex\generic\ifxetex\ifxetex.sty"
Package: ifxetex 2010/09/12 v0.6 Provides ifxetex conditional
)
("F:\Program Files\MiKTeX 2.9\tex\latex\oberdiek\auxhook.sty"
Package: auxhook 2011/03/04 v1.3 Hooks for auxiliary files (HO)
)
("F:\Program Files\MiKTeX 2.9\tex\latex\oberdiek\kvoptions.sty"
Package: kvoptions 2011/06/30 v3.11 Key value format for package options (HO)
)
\@linkdim=\dimen131
\Hy@linkcounter=\count111
\Hy@pagecounter=\count112

("F:\Program Files\MiKTeX 2.9\tex\latex\hyperref\pd1enc.def"
File: pd1enc.def 2012/11/06 v6.83m Hyperref: PDFDocEncoding definition (HO)
)
\Hy@SavedSpaceFactor=\count113

("F:\Program Files\MiKTeX 2.9\tex\latex\00miktex\hyperref.cfg"
File: hyperref.cfg 2002/06/06 v1.2 hyperref configuration of TeXLive
)
Package hyperref Info: Hyper figures OFF on input line 4443.
Package hyperref Info: Link nesting OFF on input line 4448.
Package hyperref Info: Hyper index ON on input line 4451.
Package hyperref Info: Plain pages OFF on input line 4458.
Package hyperref Info: Backreferencing OFF on input line 4463.
Package hyperref Info: Implicit mode ON; LaTeX internals redefined.
Package hyperref Info: Bookmarks ON on input line 4688.
\c@Hy@tempcnt=\count114
LaTeX Info: Redefining \url on input line 5041.
\XeTeXLinkMargin=\dimen132
\Fld@menulength=\count115
\Field@Width=\dimen133
\Fld@charsize=\dimen134
Package hyperref Info: Hyper figures OFF on input line 6295.
Package hyperref Info: Link nesting OFF on input line 6300.
Package hyperref Info: Hyper index ON on input line 6303.
Package hyperref Info: backreferencing OFF on input line 6310.
Package hyperref Info: Link coloring OFF on input line 6315.
Package hyperref Info: Link coloring with OCG OFF on input line 6320.
Package hyperref Info: PDF/A mode OFF on input line 6325.
LaTeX Info: Redefining \ref on input line 6365.
LaTeX Info: Redefining \pageref on input line 6369.
\Hy@abspage=\count116
\c@Item=\count117
\c@Hfootnote=\count118
)

Package hyperref Message: Driver (autodetected): hpdftex.

("F:\Program Files\MiKTeX 2.9\tex\latex\hyperref\hpdftex.def"
File: hpdftex.def 2012/11/06 v6.83m Hyperref driver for pdfTeX
\Fld@listcount=\count119
\c@bookmark@seq@number=\count120

("F:\Program Files\MiKTeX 2.9\tex\latex\oberdiek\rerunfilecheck.sty"
Package: rerunfilecheck 2011/04/15 v1.7 Rerun checks for auxiliary files (HO)
Package uniquecounter Info: New unique counter `rerunfilecheck' on input line 2
82.
)
\Hy@SectionHShift=\skip44
)
("F:\Program Files\MiKTeX 2.9\tex\latex\amsmath\amsmath.sty"
Package: amsmath 2013/01/14 v2.14 AMS math features
\@mathmargin=\skip45

For additional information on amsmath, use the `?' option.
("F:\Program Files\MiKTeX 2.9\tex\latex\amsmath\amstext.sty"
Package: amstext 2000/06/29 v2.01

("F:\Program Files\MiKTeX 2.9\tex\latex\amsmath\amsgen.sty"
File: amsgen.sty 1999/11/30 v2.0
\@emptytoks=\toks19
\ex@=\dimen135
))
("F:\Program Files\MiKTeX 2.9\tex\latex\amsmath\amsbsy.sty"
Package: amsbsy 1999/11/29 v1.2d
\pmbraise@=\dimen136
)
("F:\Program Files\MiKTeX 2.9\tex\latex\amsmath\amsopn.sty"
Package: amsopn 1999/12/14 v2.01 operator names
)
\inf@bad=\count121
LaTeX Info: Redefining \frac on input line 210.
\uproot@=\count122
\leftroot@=\count123
LaTeX Info: Redefining \overline on input line 306.
\classnum@=\count124
\DOTSCASE@=\count125
LaTeX Info: Redefining \ldots on input line 378.
LaTeX Info: Redefining \dots on input line 381.
LaTeX Info: Redefining \cdots on input line 466.
\Mathstrutbox@=\box29
\strutbox@=\box30
\big@size=\dimen137
LaTeX Font Info:    Redeclaring font encoding OML on input line 566.
LaTeX Font Info:    Redeclaring font encoding OMS on input line 567.


Package amsmath Warning: Unable to redefine math accent \vec.

\macc@depth=\count126
\c@MaxMatrixCols=\count127
\dotsspace@=\muskip11
\c@parentequation=\count128
\dspbrk@lvl=\count129
\tag@help=\toks20
\row@=\count130
\column@=\count131
\maxfields@=\count132
\andhelp@=\toks21
\eqnshift@=\dimen138
\alignsep@=\dimen139
\tagshift@=\dimen140
\tagwidth@=\dimen141
\totwidth@=\dimen142
\lineht@=\dimen143
\@envbody=\toks22
\multlinegap=\skip46
\multlinetaggap=\skip47
\mathdisplay@stack=\toks23
LaTeX Info: Redefining \[ on input line 2665.
LaTeX Info: Redefining \] on input line 2666.
) ("F:\Program Files\MiKTeX 2.9\tex\latex\amsfonts\amsfonts.sty"
Package: amsfonts 2013/01/14 v3.01 Basic AMSFonts support
\symAMSa=\mathgroup4
\symAMSb=\mathgroup5
LaTeX Font Info:    Overwriting math alphabet `\mathfrak' in version `bold'
(Font)                  U/euf/m/n --> U/euf/b/n on input line 106.
)
("F:\Program Files\MiKTeX 2.9\tex\latex\amsfonts\amssymb.sty"
Package: amssymb 2013/01/14 v3.01 AMS font symbols
)
("F:\Program Files\MiKTeX 2.9\tex\latex\tools\bm.sty"
Package: bm 2014/10/28 v1.1c Bold Symbol Support (DPC/FMi)
\symboldoperators=\mathgroup6
\symboldletters=\mathgroup7
\symboldsymbols=\mathgroup8
LaTeX Font Info:    Redeclaring math alphabet \mathbf on input line 137.
LaTeX Info: Redefining \bm on input line 203.
)
("F:\Program Files\MiKTeX 2.9\tex\latex\subfig\subfig.sty"
Package: subfig 2005/06/28 ver: 1.3 subfig package

("F:\Program Files\MiKTeX 2.9\tex\latex\caption\caption3.sty"
Package: caption3 2013/05/02 v1.6-88 caption3 kernel (AR)
Package caption3 Info: TeX engine: e-TeX on input line 57.
\captionmargin=\dimen144
\captionmargin@=\dimen145
\captionwidth=\dimen146
\caption@tempdima=\dimen147
\caption@indent=\dimen148
\caption@parindent=\dimen149
\caption@hangindent=\dimen150
Package caption Info: Unknown document class (or package),
(caption)             standard defaults will be used.
)
\c@KVtest=\count133
\sf@farskip=\skip48
\sf@captopadj=\dimen151
\sf@capskip=\skip49
\sf@nearskip=\skip50
\c@subfigure=\count134
\c@subfigure@save=\count135
\c@lofdepth=\count136
\c@subtable=\count137
\c@subtable@save=\count138
\c@lotdepth=\count139
\sf@top=\skip51
\sf@bottom=\skip52
)
("F:\Program Files\MiKTeX 2.9\tex\latex\psnfss\mathptmx.sty"
Package: mathptmx 2005/04/12 PSNFSS-v9.2a Times w/ Math, improved (SPQR, WaS) 
LaTeX Font Info:    Redeclaring symbol font `operators' on input line 28.
LaTeX Font Info:    Overwriting symbol font `operators' in version `normal'
(Font)                  OT1/cmr/m/n --> OT1/ztmcm/m/n on input line 28.
LaTeX Font Info:    Overwriting symbol font `operators' in version `bold'
(Font)                  OT1/cmr/bx/n --> OT1/ztmcm/m/n on input line 28.
LaTeX Font Info:    Redeclaring symbol font `letters' on input line 29.
LaTeX Font Info:    Overwriting symbol font `letters' in version `normal'
(Font)                  OML/cmm/m/it --> OML/ztmcm/m/it on input line 29.
LaTeX Font Info:    Overwriting symbol font `letters' in version `bold'
(Font)                  OML/cmm/b/it --> OML/ztmcm/m/it on input line 29.
LaTeX Font Info:    Redeclaring symbol font `symbols' on input line 30.
LaTeX Font Info:    Overwriting symbol font `symbols' in version `normal'
(Font)                  OMS/cmsy/m/n --> OMS/ztmcm/m/n on input line 30.
LaTeX Font Info:    Overwriting symbol font `symbols' in version `bold'
(Font)                  OMS/cmsy/b/n --> OMS/ztmcm/m/n on input line 30.
LaTeX Font Info:    Redeclaring symbol font `largesymbols' on input line 31.
LaTeX Font Info:    Overwriting symbol font `largesymbols' in version `normal'
(Font)                  OMX/cmex/m/n --> OMX/ztmcm/m/n on input line 31.
LaTeX Font Info:    Overwriting symbol font `largesymbols' in version `bold'
(Font)                  OMX/cmex/m/n --> OMX/ztmcm/m/n on input line 31.
\symbold=\mathgroup9
\symitalic=\mathgroup10
LaTeX Font Info:    Redeclaring math alphabet \mathbf on input line 34.
LaTeX Font Info:    Redeclaring math alphabet \mathit on input line 35.
LaTeX Font Info:    Overwriting math alphabet `\mathit' in version `normal'
(Font)                  OT1/cmr/m/it --> OT1/ptm/m/it on input line 35.
LaTeX Font Info:    Overwriting math alphabet `\mathit' in version `bold'
(Font)                  OT1/cmr/bx/it --> OT1/ptm/m/it on input line 35.
LaTeX Info: Redefining \hbar on input line 50.
)
("F:\Program Files\MiKTeX 2.9\tex\latex\psnfss\helvet.sty"
Package: helvet 2005/04/12 PSNFSS-v9.2a (WaS) 
)
("F:\Program Files\MiKTeX 2.9\tex\latex\psnfss\courier.sty"
Package: courier 2005/04/12 PSNFSS-v9.2a (WaS) 
)
("F:\Program Files\MiKTeX 2.9\tex\latex\type1cm\type1cm.sty"
Package: type1cm 2002/09/05 v0.04 BlueSky/Y&Y Type1 CM font definitions (DPC, p
atched RF)
)
("F:\Program Files\MiKTeX 2.9\tex\latex\base\makeidx.sty"
Package: makeidx 2014/09/29 v1.0m Standard LaTeX package
)
("F:\Program Files\MiKTeX 2.9\tex\latex\graphics\graphicx.sty"
Package: graphicx 2014/10/28 v1.0g Enhanced LaTeX Graphics (DPC,SPQR)

("F:\Program Files\MiKTeX 2.9\tex\latex\graphics\graphics.sty"
Package: graphics 2014/10/28 v1.0p Standard LaTeX Graphics (DPC,SPQR)

("F:\Program Files\MiKTeX 2.9\tex\latex\graphics\trig.sty"
Package: trig 1999/03/16 v1.09 sin cos tan (DPC)
)
("F:\Program Files\MiKTeX 2.9\tex\latex\00miktex\graphics.cfg"
File: graphics.cfg 2007/01/18 v1.5 graphics configuration of teTeX/TeXLive
)
Package graphics Info: Driver file: pdftex.def on input line 91.
)
\Gin@req@height=\dimen152
\Gin@req@width=\dimen153
)
("F:\Program Files\MiKTeX 2.9\tex\latex\overpic\overpic.sty"
Package: overpic 2010/09/13 v0.53  Overwriting graphics

Package: overpic v0.53 <2010/09/13> (RN)
("F:\Program Files\MiKTeX 2.9\tex\latex\eepic\epic.sty"
Enhancements to Picture Environment. Version 1.2 - Released June 1, 1986
\@@multicnt=\count140
\d@lta=\count141
\@delta=\dimen154
\@@delta=\dimen155
\@gridcnt=\count142
\@joinkind=\count143
\@dotgap=\dimen156
\@ddotgap=\dimen157
\@x@diff=\count144
\@y@diff=\count145
\x@diff=\dimen158
\y@diff=\dimen159
\@dotbox=\box31
\num@segments=\count146
\num@segmentsi=\count147
\@datafile=\read1
)
overpic: relative positioning in percent
) ("F:\Program Files\MiKTeX 2.9\tex\latex\tools\multicol.sty"
Package: multicol 2014/10/28 v1.8i multicolumn formatting (FMi)
\c@tracingmulticols=\count148
\mult@box=\box32
\multicol@leftmargin=\dimen160
\c@unbalance=\count149
\c@collectmore=\count150
\doublecol@number=\count151
\multicoltolerance=\count152
\multicolpretolerance=\count153
\full@width=\dimen161
\page@free=\dimen162
\premulticols=\dimen163
\postmulticols=\dimen164
\multicolsep=\skip53
\multicolbaselineskip=\skip54
\partial@page=\box33
\last@line=\box34
\maxbalancingoverflow=\dimen165
\mult@rightbox=\box35
\mult@grightbox=\box36
\mult@gfirstbox=\box37
\mult@firstbox=\box38
\@tempa=\box39
\@tempa=\box40
\@tempa=\box41
\@tempa=\box42
\@tempa=\box43
\@tempa=\box44
\@tempa=\box45
\@tempa=\box46
\@tempa=\box47
\@tempa=\box48
\@tempa=\box49
\@tempa=\box50
\@tempa=\box51
\@tempa=\box52
\@tempa=\box53
\@tempa=\box54
\@tempa=\box55
\c@columnbadness=\count154
\c@finalcolumnbadness=\count155
\last@try=\dimen166
\multicolovershoot=\dimen167
\multicolundershoot=\dimen168
\mult@nat@firstbox=\box56
\colbreak@box=\box57
\mc@col@check@num=\count156
)
("F:\Program Files\MiKTeX 2.9\tex\latex\footmisc\footmisc.sty"
Package: footmisc 2011/06/06 v5.5b a miscellany of footnote facilities
\FN@temptoken=\toks24
\footnotemargin=\dimen169
\c@pp@next@reset=\count157
Package footmisc Info: Declaring symbol style bringhurst on input line 855.
Package footmisc Info: Declaring symbol style chicago on input line 863.
Package footmisc Info: Declaring symbol style wiley on input line 872.
Package footmisc Info: Declaring symbol style lamport-robust on input line 883.

Package footmisc Info: Declaring symbol style lamport* on input line 903.
Package footmisc Info: Declaring symbol style lamport*-robust on input line 924
.
)
\@indexfile=\write4

Writing index file MRIpoweredRobots.idx
(MRIpoweredRobots.aux)
LaTeX Font Info:    Checking defaults for OML/cmm/m/it on input line 56.
LaTeX Font Info:    ... okay on input line 56.
LaTeX Font Info:    Checking defaults for T1/cmr/m/n on input line 56.
LaTeX Font Info:    ... okay on input line 56.
LaTeX Font Info:    Checking defaults for OT1/cmr/m/n on input line 56.
LaTeX Font Info:    ... okay on input line 56.
LaTeX Font Info:    Checking defaults for OMS/cmsy/m/n on input line 56.
LaTeX Font Info:    ... okay on input line 56.
LaTeX Font Info:    Checking defaults for OMX/cmex/m/n on input line 56.
LaTeX Font Info:    ... okay on input line 56.
LaTeX Font Info:    Checking defaults for U/cmr/m/n on input line 56.
LaTeX Font Info:    ... okay on input line 56.
LaTeX Font Info:    Checking defaults for PD1/pdf/m/n on input line 56.
LaTeX Font Info:    ... okay on input line 56.
LaTeX Font Info:    Try loading font information for OT1+ptm on input line 56.
 ("F:\Program Files\MiKTeX 2.9\tex\latex\psnfss\ot1ptm.fd"
File: ot1ptm.fd 2001/06/04 font definitions for OT1/ptm.
) ("F:\Program Files\MiKTeX 2.9\tex\context\base\supp-pdf.mkii"
[Loading MPS to PDF converter (version 2006.09.02).]
\scratchcounter=\count158
\scratchdimen=\dimen170
\scratchbox=\box58
\nofMPsegments=\count159
\nofMParguments=\count160
\everyMPshowfont=\toks25
\MPscratchCnt=\count161
\MPscratchDim=\dimen171
\MPnumerator=\count162
\makeMPintoPDFobject=\count163
\everyMPtoPDFconversion=\toks26
)
\AtBeginShipoutBox=\box59
Package hyperref Info: Link coloring OFF on input line 56.
 ("F:\Program Files\MiKTeX 2.9\tex\latex\hyperref\nameref.sty"
Package: nameref 2012/10/27 v2.43 Cross-referencing by name of section

("F:\Program Files\MiKTeX 2.9\tex\generic\oberdiek\gettitlestring.sty"
Package: gettitlestring 2010/12/03 v1.4 Cleanup title references (HO)
)
\c@section@level=\count164
)
LaTeX Info: Redefining \ref on input line 56.
LaTeX Info: Redefining \pageref on input line 56.
LaTeX Info: Redefining \nameref on input line 56.

(MRIpoweredRobots.out) (MRIpoweredRobots.out)
\@outlinefile=\write5
Package caption Info: Begin \AtBeginDocument code.
Package caption Info: subfig package v1.3 is loaded.
Package caption Info: End \AtBeginDocument code.
LaTeX Font Info:    Font shape `OT1/ptm/bx/n' in size <14> not available
(Font)              Font shape `OT1/ptm/b/n' tried instead on input line 73.


Package mathptmx Warning: There are no bold math fonts on input line 73.

LaTeX Font Info:    Font shape `OT1/ptm/bx/n' in size <16> not available
(Font)              Font shape `OT1/ptm/b/n' tried instead on input line 73.
LaTeX Font Info:    Calculating math sizes for size <8.5> on input line 73.
LaTeX Font Info:    Try loading font information for OT1+ztmcm on input line 73
.
("F:\Program Files\MiKTeX 2.9\tex\latex\psnfss\ot1ztmcm.fd"
File: ot1ztmcm.fd 2000/01/03 Fontinst v1.801 font definitions for OT1/ztmcm.
)
LaTeX Font Info:    Try loading font information for OML+ztmcm on input line 73
.

("F:\Program Files\MiKTeX 2.9\tex\latex\psnfss\omlztmcm.fd"
File: omlztmcm.fd 2000/01/03 Fontinst v1.801 font definitions for OML/ztmcm.
)
LaTeX Font Info:    Try loading font information for OMS+ztmcm on input line 73
.

("F:\Program Files\MiKTeX 2.9\tex\latex\psnfss\omsztmcm.fd"
File: omsztmcm.fd 2000/01/03 Fontinst v1.801 font definitions for OMS/ztmcm.
)
LaTeX Font Info:    Try loading font information for OMX+ztmcm on input line 73
.

("F:\Program Files\MiKTeX 2.9\tex\latex\psnfss\omxztmcm.fd"
File: omxztmcm.fd 2000/01/03 Fontinst v1.801 font definitions for OMX/ztmcm.
)
LaTeX Font Info:    Font shape `OT1/ptm/bx/n' in size <8.5> not available
(Font)              Font shape `OT1/ptm/b/n' tried instead on input line 73.
LaTeX Font Info:    Font shape `OT1/ptm/bx/n' in size <6.29004> not available
(Font)              Font shape `OT1/ptm/b/n' tried instead on input line 73.
LaTeX Font Info:    Font shape `OT1/ptm/bx/n' in size <5.10005> not available
(Font)              Font shape `OT1/ptm/b/n' tried instead on input line 73.
LaTeX Font Info:    Try loading font information for OT1+pcr on input line 73.

("F:\Program Files\MiKTeX 2.9\tex\latex\psnfss\ot1pcr.fd"
File: ot1pcr.fd 2001/06/04 font definitions for OT1/pcr.
)

Package hyperref Warning: bookmark level for unknown title defaults to 0.

LaTeX Font Info:    Font shape `OT1/ptm/bx/n' in size <10> not available
(Font)              Font shape `OT1/ptm/b/n' tried instead on input line 73.
LaTeX Font Info:    Font shape `OT1/ptm/bx/n' in size <7.4> not available
(Font)              Font shape `OT1/ptm/b/n' tried instead on input line 73.
LaTeX Font Info:    Font shape `OT1/ptm/bx/n' in size <6> not available
(Font)              Font shape `OT1/ptm/b/n' tried instead on input line 73.

Package hyperref Warning: bookmark level for unknown author defaults to 0.

LaTeX Font Info:    Font shape `OT1/ptm/bx/n' in size <12> not available
(Font)              Font shape `OT1/ptm/b/n' tried instead on input line 83.
<./pictures/pdf/MRIandRobotBiopsys.pdf, id=57, 809.42403pt x 303.534pt>
File: ./pictures/pdf/MRIandRobotBiopsys.pdf Graphic file (type pdf)

<use ./pictures/pdf/MRIandRobotBiopsys.pdf>
Package pdftex.def Info: ./pictures/pdf/MRIandRobotBiopsys.pdf used on input li
ne 87.
(pdftex.def)             Requested size: 332.89723pt x 124.83879pt.

Underfull \hbox (badness 10000) in paragraph at lines 90--95
[][]
 []


Overfull \hbox (2.72937pt too wide) in paragraph at lines 98--100
\OT1/ptm/m/n/10 Robotics of-fers im-por-tant con-tri-bu-tions to image-guided, 
min-i-mally in-va-sive surgery.
 []

[1



{C:/ProgramData/MiKTeX/2.9/pdftex/config/pdftex.map}]

LaTeX Warning: Citation `ishiyama2001swimming' on page 2 undefined on input lin
e 110.


LaTeX Warning: Citation `Eqtami2014' on page 2 undefined on input line 112.

[2 <./pictures/pdf/MRIandRobotBiopsys.pdf>]

LaTeX Warning: Citation `Bigot2014' on page 3 undefined on input line 114.


LaTeX Warning: Citation `Eqtami2014' on page 3 undefined on input line 117.

LaTeX Font Info:    Try loading font information for OT1+phv on input line 120.

("F:\Program Files\MiKTeX 2.9\tex\latex\psnfss\ot1phv.fd"
File: ot1phv.fd 2001/06/04 scalable font definitions for OT1/phv.
)

LaTeX Warning: Reference `sec:controlLaw' on page 3 undefined on input line 121
.


LaTeX Warning: Reference `sec:analysis' on page 3 undefined on input line 121.


LaTeX Warning: Reference `sec:experiment' on page 3 undefined on input line 121
.


LaTeX Warning: Reference `sec:conclusion' on page 3 undefined on input line 121
.

LaTeX Font Info:    Font shape `OT1/ptm/bx/it' in size <12> not available
(Font)              Font shape `OT1/ptm/b/it' tried instead on input line 131.
[3] [4]
Overfull \hbox (7.92912pt too wide) in paragraph at lines 190--192
\OT1/ptm/m/n/10 The mag-netic gra-di-ent form an MRI can be har-nessed to power
 and con-trol centimeter-
 []


Overfull \hbox (12.38844pt too wide) in paragraph at lines 208--209
[] \OT1/phv/m/n/8.5 Copy in con-tent from []$\OT1/pcr/m/n/8.5 https : / / githu
b . com / aabecker / MRIrobotics / tree / master /$
 []

<./pictures/pdf/Schematic2.pdf, id=148, 686.565pt x 339.66899pt>
File: ./pictures/pdf/Schematic2.pdf Graphic file (type pdf)

<use ./pictures/pdf/Schematic2.pdf>
Package pdftex.def Info: ./pictures/pdf/Schematic2.pdf used on input line 215.
(pdftex.def)             Requested size: 282.96468pt x 139.99078pt.
 [5]

LaTeX Warning: Reference `subsec:ControlLyapunov' on page 6 undefined on input 
line 236.


LaTeX Warning: Reference `subsec:PositionControl' on page 6 undefined on input 
line 236.

[6 <./pictures/pdf/Schematic2.pdf>]
<./pictures/pdf/PositionConverge4state.pdf, id=190, 505.89pt x 289.08pt>
File: ./pictures/pdf/PositionConverge4state.pdf Graphic file (type pdf)

<use ./pictures/pdf/PositionConverge4state.pdf>
Package pdftex.def Info: ./pictures/pdf/PositionConverge4state.pdf used on inpu
t line 271.
(pdftex.def)             Requested size: 120.00345pt x 68.5747pt.

<./pictures/pdf/PositionConverge4control.pdf, id=191, 505.89pt x 289.08pt>
File: ./pictures/pdf/PositionConverge4control.pdf Graphic file (type pdf)

<use ./pictures/pdf/PositionConverge4control.pdf>
Package pdftex.def Info: ./pictures/pdf/PositionConverge4control.pdf used on in
put line 272.
(pdftex.def)             Requested size: 120.00345pt x 68.5747pt.

<./pictures/pdf/PositionConverge24state.pdf, id=192, 505.89pt x 361.35pt>
File: ./pictures/pdf/PositionConverge24state.pdf Graphic file (type pdf)

<use ./pictures/pdf/PositionConverge24state.pdf>
Package pdftex.def Info: ./pictures/pdf/PositionConverge24state.pdf used on inp
ut line 273.
(pdftex.def)             Requested size: 96.0043pt x 68.5747pt.

<./pictures/pdf/PositionConverge4stateNoload.pdf, id=193, 505.89pt x 289.08pt>
File: ./pictures/pdf/PositionConverge4stateNoload.pdf Graphic file (type pdf)

<use ./pictures/pdf/PositionConverge4stateNoload.pdf>
Package pdftex.def Info: ./pictures/pdf/PositionConverge4stateNoload.pdf used o
n input line 275.
(pdftex.def)             Requested size: 120.00345pt x 68.5747pt.

<./pictures/pdf/PositionConverge4controlNoload.pdf, id=194, 505.89pt x 289.08pt
>
File: ./pictures/pdf/PositionConverge4controlNoload.pdf Graphic file (type pdf)

 <use ./pictures/pdf/PositionConverge4controlNoload.pdf>
Package pdftex.def Info: ./pictures/pdf/PositionConverge4controlNoload.pdf used
 on input line 276.
(pdftex.def)             Requested size: 120.00345pt x 68.5747pt.

<./pictures/pdf/PositionConverge50state.pdf, id=195, 505.89pt x 361.35pt>
File: ./pictures/pdf/PositionConverge50state.pdf Graphic file (type pdf)

<use ./pictures/pdf/PositionConverge50state.pdf>
Package pdftex.def Info: ./pictures/pdf/PositionConverge50state.pdf used on inp
ut line 277.
(pdftex.def)             Requested size: 96.0043pt x 68.5747pt.

Overfull \hbox (3.11198pt too wide) in paragraph at lines 271--278
[][][][][][] 
 []


Overfull \hbox (4.727pt too wide) in paragraph at lines 271--278
 [][][][][][] 
 []


Underfull \hbox (badness 10000) in paragraph at lines 271--278

 []

[7 <./pictures/pdf/PositionConverge4state.pdf> <./pictures/pdf/PositionConverge
4control.pdf> <./pictures/pdf/PositionConverge24state.pdf> <./pictures/pdf/Posi
tionConverge4stateNoload.pdf> <./pictures/pdf/PositionConverge4controlNoload.pd
f> <./pictures/pdf/PositionConverge50state.pdf>]
<./pictures/pdf/MagneticDipoleField3mmRast.pdf, id=243, 361.35pt x 335.15916pt>
File: ./pictures/pdf/MagneticDipoleField3mmRast.pdf Graphic file (type pdf)
<use ./pictures/pdf/MagneticDipoleField3mmRast.pdf>
Package pdftex.def Info: ./pictures/pdf/MagneticDipoleField3mmRast.pdf used on 
input line 289.
(pdftex.def)             Requested size: 168.68767pt x 156.4621pt.
LaTeX Font Info:    Font shape `OT1/ptm/bx/n' in size <5> not available
(Font)              Font shape `OT1/ptm/b/n' tried instead on input line 295.

<./pictures/pdf/MagneticDipoleField6mmRast.pdf, id=244, 361.35pt x 359.24916pt>
File: ./pictures/pdf/MagneticDipoleField6mmRast.pdf Graphic file (type pdf)
<use ./pictures/pdf/MagneticDipoleField6mmRast.pdf>
Package pdftex.def Info: ./pictures/pdf/MagneticDipoleField6mmRast.pdf used on 
input line 302.
(pdftex.def)             Requested size: 157.37895pt x 156.4621pt.

Overfull \hbox (13.74117pt too wide) in paragraph at lines 328--330
\OT1/ptm/m/n/10 spheres on each other. The con-tour lines are drawn at $\OT1/pt
m/b/n/10 F[] \OMS/ztmcm/m/n/10  \OT1/ptm/b/n/10 n[] \OT1/ztmcm/m/n/10 = \OML/z
tmcm/m/it/10 g[] \OMS/ztmcm/m/n/10  f \OT1/ztmcm/m/n/10 1\OML/ztmcm/m/it/10 ; 
\OMS/ztmcm/m/n/10  []\OML/ztmcm/m/it/10 ; \OT1/ztmcm/m/n/10 0\OML/ztmcm/m/it/10
 ; []; \OT1/ztmcm/m/n/10 1\OMS/ztmcm/m/n/10 g$\OT1/ptm/m/n/10 .
 []

[8 <./pictures/pdf/MagneticDipoleField3mmRast.pdf> <./pictures/pdf/MagneticDipo
leField6mmRast.pdf>]
<./pictures/pdf/MRItrackingSequence.pdf, id=294, 216.81pt x 119.44624pt>
File: ./pictures/pdf/MRItrackingSequence.pdf Graphic file (type pdf)

<use ./pictures/pdf/MRItrackingSequence.pdf>
Package pdftex.def Info: ./pictures/pdf/MRItrackingSequence.pdf used on input l
ine 340.
(pdftex.def)             Requested size: 332.89723pt x 183.42467pt.

<./pictures/pdf/MarkerRead3rotorsCrop.pdf, id=295, 442.98999pt x 339.81912pt>
File: ./pictures/pdf/MarkerRead3rotorsCrop.pdf Graphic file (type pdf)

<use ./pictures/pdf/MarkerRead3rotorsCrop.pdf>
Package pdftex.def Info: ./pictures/pdf/MarkerRead3rotorsCrop.pdf used on input
 line 350.
(pdftex.def)             Requested size: 215.55072pt x 165.35133pt.

<./pictures/jpg/MRI3rotorsFar.jpg, id=296, 642.4pt x 428.60126pt>
File: ./pictures/jpg/MRI3rotorsFar.jpg Graphic file (type jpg)

<use ./pictures/jpg/MRI3rotorsFar.jpg>
Package pdftex.def Info: ./pictures/jpg/MRI3rotorsFar.jpg used on input line 35
3.
(pdftex.def)             Requested size: 99.87018pt x 66.6287pt.

<./pictures/jpg/MRI3rotorsClose.jpg, id=297, 642.4pt x 504.88625pt>
File: ./pictures/jpg/MRI3rotorsClose.jpg Graphic file (type jpg)

<use ./pictures/jpg/MRI3rotorsClose.jpg>
Package pdftex.def Info: ./pictures/jpg/MRI3rotorsClose.jpg used on input line 
357.
(pdftex.def)             Requested size: 99.87018pt x 78.48767pt.

Underfull \hbox (badness 10000) in paragraph at lines 353--358
[][]
 []


Underfull \hbox (badness 10000) in paragraph at lines 353--358

 []

[9 <./pictures/pdf/MRItrackingSequence.pdf> <./pictures/pdf/MarkerRead3rotorsCr
op.pdf> <./pictures/jpg/MRI3rotorsFar.jpg> <./pictures/jpg/MRI3rotorsClose.jpg>
]

LaTeX Warning: Reference `subsec:TorqueFuncN' on page 10 undefined on input lin
e 367.


LaTeX Warning: Reference `subsec:minimumseparation' on page 10 undefined on inp
ut line 367.

<./pictures/pdf/RotorTorque1Rotor.pdf, id=342, 361.35pt x 242.85431pt>
File: ./pictures/pdf/RotorTorque1Rotor.pdf Graphic file (type pdf)

<use ./pictures/pdf/RotorTorque1Rotor.pdf>
Package pdftex.def Info: ./pictures/pdf/RotorTorque1Rotor.pdf used on input lin
e 390.
(pdftex.def)             Requested size: 266.31879pt x 178.98676pt.

<./pictures/pdf/AveStoppedTorqueSum.pdf, id=343, 289.08pt x 289.08pt>
File: ./pictures/pdf/AveStoppedTorqueSum.pdf Graphic file (type pdf)

<use ./pictures/pdf/AveStoppedTorqueSum.pdf>
Package pdftex.def Info: ./pictures/pdf/AveStoppedTorqueSum.pdf used on input l
ine 405.
(pdftex.def)             Requested size: 163.12146pt x 163.11876pt.

<./pictures/pdf/AveStoppedTorqueInd.pdf, id=344, 289.08pt x 289.08pt>
File: ./pictures/pdf/AveStoppedTorqueInd.pdf Graphic file (type pdf)

<use ./pictures/pdf/AveStoppedTorqueInd.pdf>
Package pdftex.def Info: ./pictures/pdf/AveStoppedTorqueInd.pdf used on input l
ine 406.
(pdftex.def)             Requested size: 163.12146pt x 163.11876pt.


LaTeX Warning: Reference `subsec:optimalrotorplacement' on page 10 undefined on
 input line 424.

[10] [11 <./pictures/pdf/RotorTorque1Rotor.pdf> <./pictures/pdf/AveStoppedTorqu
eSum.pdf> <./pictures/pdf/AveStoppedTorqueInd.pdf>]
<./pictures/jpg/NeedleSteering3DdipoleH.jpg, id=404, 401.5pt x 353.32pt>
File: ./pictures/jpg/NeedleSteering3DdipoleH.jpg Graphic file (type jpg)

<use ./pictures/jpg/NeedleSteering3DdipoleH.jpg>
Package pdftex.def Info: ./pictures/jpg/NeedleSteering3DdipoleH.jpg used on inp
ut line 434.
(pdftex.def)             Requested size: 166.44785pt x 146.47559pt.

<./pictures/jpg/NeedleSteering3DdipoleV.jpg, id=405, 401.5pt x 483.8075pt>
File: ./pictures/jpg/NeedleSteering3DdipoleV.jpg Graphic file (type jpg)

<use ./pictures/jpg/NeedleSteering3DdipoleV.jpg>
Package pdftex.def Info: ./pictures/jpg/NeedleSteering3DdipoleV.jpg used on inp
ut line 441.
(pdftex.def)             Requested size: 132.60568pt x 159.78925pt.

<./pictures/png/NeedleSteeringScanPlane2.png, id=406, 426.59375pt x 426.59375pt
>
File: ./pictures/png/NeedleSteeringScanPlane2.png Graphic file (type png)
 <use ./pictures/png/NeedleSteeringScanPlane2.png>
Package pdftex.def Info: ./pictures/png/NeedleSteeringScanPlane2.png used on in
put line 455.
(pdftex.def)             Requested size: 159.79pt x 159.78925pt.

<./pictures/pdf/MarkerProjections.pdf, id=408, 361.35pt x 353.04398pt>
File: ./pictures/pdf/MarkerProjections.pdf Graphic file (type pdf)

<use ./pictures/pdf/MarkerProjections.pdf>
Package pdftex.def Info: ./pictures/pdf/MarkerProjections.pdf used on input lin
e 461.
(pdftex.def)             Requested size: 163.54884pt x 159.78925pt.
 [12 <./pictures/jpg/NeedleSteering3DdipoleH.jpg> <./pictures/jpg/NeedleSteerin
g3DdipoleV.jpg> <./pictures/png/NeedleSteeringScanPlane2.png> <./pictures/pdf/M
arkerProjections.pdf>]
Overfull \hbox (12.38844pt too wide) in paragraph at lines 481--483
[] \OT1/phv/m/n/8.5 Copy in con-tent from []$\OT1/pcr/m/n/8.5 https : / / githu
b . com / aabecker / MRIrobotics / tree / master /$
 []


LaTeX Warning: Citation `Felfoul2014' on page 13 undefined on input line 486.


LaTeX Warning: Citation `Eqtami2014' on page 13 undefined on input line 488.

[13] <./pictures/pdf/GaussGunToyAndMRI.pdf, id=458, 814.47592pt x 436.91974pt>
File: ./pictures/pdf/GaussGunToyAndMRI.pdf Graphic file (type pdf)

<use ./pictures/pdf/GaussGunToyAndMRI.pdf>
Package pdftex.def Info: ./pictures/pdf/GaussGunToyAndMRI.pdf used on input lin
e 492.
(pdftex.def)             Requested size: 332.89723pt x 178.57823pt.
LaTeX Font Info:    Font shape `OT1/ptm/bx/n' in size <7> not available
(Font)              Font shape `OT1/ptm/b/n' tried instead on input line 494.

<./pictures/pdf/PEfors.pdf, id=462, 361.35pt x 213.35107pt>
File: ./pictures/pdf/PEfors.pdf Graphic file (type pdf)

<use ./pictures/pdf/PEfors.pdf>
Package pdftex.def Info: ./pictures/pdf/PEfors.pdf used on input line 520.
(pdftex.def)             Requested size: 159.78925pt x 94.34354pt.

<./pictures/pdf/PEfora.pdf, id=463, 361.35pt x 221.41621pt>
File: ./pictures/pdf/PEfora.pdf Graphic file (type pdf)

<use ./pictures/pdf/PEfora.pdf>
Package pdftex.def Info: ./pictures/pdf/PEfora.pdf used on input line 521.
(pdftex.def)             Requested size: 159.78925pt x 97.90993pt.

<./pictures/pdf/PEforN.pdf, id=464, 361.35pt x 232.83888pt>
File: ./pictures/pdf/PEforN.pdf Graphic file (type pdf)

<use ./pictures/pdf/PEforN.pdf>
Package pdftex.def Info: ./pictures/pdf/PEforN.pdf used on input line 522.
(pdftex.def)             Requested size: 159.78925pt x 102.96103pt.

<./pictures/pdf/PEforr.pdf, id=465, 361.35pt x 249.98996pt>
File: ./pictures/pdf/PEforr.pdf Graphic file (type pdf)

<use ./pictures/pdf/PEforr.pdf>
Package pdftex.def Info: ./pictures/pdf/PEforr.pdf used on input line 523.
(pdftex.def)             Requested size: 159.78925pt x 110.5452pt.


LaTeX Warning: Citation `Becker2014optimizeGaussGun' on page 14 undefined on in
put line 527.


LaTeX Warning: Citation `Becker2014optimizeGaussGun' on page 14 undefined on in
put line 527.

LaTeX Font Info:    Try loading font information for OMS+ptm on input line 534.

("F:\Program Files\MiKTeX 2.9\tex\latex\psnfss\omsptm.fd"
File: omsptm.fd 
)
LaTeX Font Info:    Font shape `OMS/ptm/m/n' in size <10> not available
(Font)              Font shape `OMS/cmsy/m/n' tried instead on input line 534.


LaTeX Warning: Citation `centers2006gastrointestinal' on page 14 undefined on i
nput line 536.


LaTeX Warning: Citation `kircher2007ingestion' on page 14 undefined on input li
ne 536.

[14 <./pictures/pdf/GaussGunToyAndMRI.pdf>]

LaTeX Warning: Reference `fig:DiagramGaussComponent' on page 15 undefined on in
put line 541.

<./pictures/jpg/CutAwayBeforeAfter.JPG, id=475, 1189.44376pt x 255.95625pt>
File: ./pictures/jpg/CutAwayBeforeAfter.JPG Graphic file (type jpg)

<use ./pictures/jpg/CutAwayBeforeAfter.JPG>
Package pdftex.def Info: ./pictures/jpg/CutAwayBeforeAfter.JPG used on input li
ne 546.
(pdftex.def)             Requested size: 332.89723pt x 71.636pt.
 [15 <./pictures/pdf/PEfors.pdf> <./pictures/pdf/PEfora.pdf> <./pictures/pdf/PE
forN.pdf> <./pictures/pdf/PEforr.pdf> <./pictures/jpg/CutAwayBeforeAfter.JPG>]
<./pictures/pdf/PenetrationExperimentOneStage.pdf, id=547, 361.35pt x 237.65187
pt>
File: ./pictures/pdf/PenetrationExperimentOneStage.pdf Graphic file (type pdf)
 <use ./pictures/pdf/PenetrationExperimentOneStage.pdf>
Package pdftex.def Info: ./pictures/pdf/PenetrationExperimentOneStage.pdf used 
on input line 559.
(pdftex.def)             Requested size: 332.89723pt x 218.93971pt.


LaTeX Warning: Reference `fig:DiagramGaussComponent' on page 16 undefined on in
put line 565.


LaTeX Warning: Reference `fig:DiagramGaussComponent' on page 16 undefined on in
put line 565.

<./pictures/png/GaussBoats.png, id=549, 1175.39125pt x 500.87125pt>
File: ./pictures/png/GaussBoats.png Graphic file (type png)

<use ./pictures/png/GaussBoats.png>
Package pdftex.def Info: ./pictures/png/GaussBoats.png used on input line 575.
(pdftex.def)             Requested size: 332.89723pt x 141.85559pt.


LaTeX Warning: Citation `felfoul2008vivo' on page 16 undefined on input line 58
5.


LaTeX Warning: Reference `fig:MRIprojection' on page 16 undefined on input line
 585.

[16 <./pictures/pdf/PenetrationExperimentOneStage.pdf>]
<./pictures/pdf/GGexperiment.pdf, id=853, 1951.29pt x 578.16pt>
File: ./pictures/pdf/GGexperiment.pdf Graphic file (type pdf)

<use ./pictures/pdf/GGexperiment.pdf>
Package pdftex.def Info: ./pictures/pdf/GGexperiment.pdf used on input line 602
.
(pdftex.def)             Requested size: 332.89723pt x 98.62994pt.

<./pictures/pdf/MRIGaussGunSetupAllBeforeFiringAnnotate.pdf, id=856, 225.84375p
t x 383.4325pt>
File: ./pictures/pdf/MRIGaussGunSetupAllBeforeFiringAnnotate.pdf Graphic file (
type pdf)

<use ./pictures/pdf/MRIGaussGunSetupAllBeforeFiringAnnotate.pdf>
Package pdftex.def Info: ./pictures/pdf/MRIGaussGunSetupAllBeforeFiringAnnotate
.pdf used on input line 614.
(pdftex.def)             Requested size: 98.04135pt x 166.44861pt.

<./pictures/pdf/MRIGaussGunSetupAllAfterFiringAnnotate.pdf, id=857, 225.84375pt
 x 383.4325pt>
File: ./pictures/pdf/MRIGaussGunSetupAllAfterFiringAnnotate.pdf Graphic file (t
ype pdf)
 <use ./pictures/pdf/MRIGaussGunSetupAllAfterFiringAnnotate.pdf>
Package pdftex.def Info: ./pictures/pdf/MRIGaussGunSetupAllAfterFiringAnnotate.
pdf used on input line 616.
(pdftex.def)             Requested size: 98.04135pt x 166.44861pt.

(MRIpoweredRobots.bbl [17 <./pictures/png/GaussBoats.png> <./pictures/pdf/GGexp
eriment.pdf>] [18 <./pictures/pdf/MRIGaussGunSetupAllBeforeFiringAnnotate.pdf> 
<./pictures/pdf/MRIGaussGunSetupAllAfterFiringAnnotate.pdf>])
Package atveryend Info: Empty hook `BeforeClearDocument' on input line 634.
 [19]
Package atveryend Info: Empty hook `AfterLastShipout' on input line 634.

(MRIpoweredRobots.aux)
Package atveryend Info: Executing hook `AtVeryEndDocument' on input line 634.
Package atveryend Info: Executing hook `AtEndAfterFileList' on input line 634.
Package rerunfilecheck Info: File `MRIpoweredRobots.out' has not changed.
(rerunfilecheck)             Checksum: 63443A813520C350A069612B66D65824;906.


LaTeX Warning: There were undefined references.

Package atveryend Info: Empty hook `AtVeryVeryEnd' on input line 634.
 ) 
Here is how much of TeX's memory you used:
 8382 strings out of 493698
 124649 string characters out of 3144421
 221102 words of memory out of 3000000
 11381 multiletter control sequences out of 15000+200000
 79780 words of font info for 176 fonts, out of 3000000 for 9000
 1025 hyphenation exceptions out of 8191
 36i,15n,47p,1009b,479s stack positions out of 5000i,500n,10000p,200000b,50000s
{F:/Program Files/MiKTeX 2.9/fonts/enc/dvips/fontname/8r.enc}<F:/Program File
s/MiKTeX 2.9/fonts/type1/public/amsfonts/cm/cmex10.pfb><F:/Program Files/MiKTeX
 2.9/fonts/type1/public/amsfonts/cm/cmmi10.pfb><F:/Program Files/MiKTeX 2.9/fon
ts/type1/public/amsfonts/cm/cmmib10.pfb><F:/Program Files/MiKTeX 2.9/fonts/type
1/public/amsfonts/cm/cmr10.pfb><F:/Program Files/MiKTeX 2.9/fonts/type1/public/
amsfonts/cm/cmsy10.pfb><F:/Program Files/MiKTeX 2.9/fonts/type1/public/amsfonts
/symbols/msam10.pfb><F:/Program Files/MiKTeX 2.9/fonts/type1/public/amsfonts/sy
mbols/msbm10.pfb><F:/Program Files/MiKTeX 2.9/fonts/type1/urw/courier/ucrr8a.pf
b><F:/Program Files/MiKTeX 2.9/fonts/type1/urw/helvetic/uhvr8a.pfb><F:/Program 
Files/MiKTeX 2.9/fonts/type1/urw/symbol/usyr.pfb><F:/Program Files/MiKTeX 2.9/f
onts/type1/urw/symbol/usyr.pfb><F:/Program Files/MiKTeX 2.9/fonts/type1/urw/tim
es/utmb8a.pfb><F:/Program Files/MiKTeX 2.9/fonts/type1/urw/times/utmbi8a.pfb><F
:/Program Files/MiKTeX 2.9/fonts/type1/urw/times/utmr8a.pfb><F:/Program Files/M
iKTeX 2.9/fonts/type1/urw/times/utmri8a.pfb>
Output written on MRIpoweredRobots.pdf (19 pages, 3791156 bytes).
PDF statistics:
 1100 PDF objects out of 1200 (max. 8388607)
 91 named destinations out of 1000 (max. 500000)
 265 words of extra memory for PDF output out of 10000 (max. 10000000)

