This is pdfTeX, Version 3.14159265-2.6-1.40.15 (MiKTeX 2.9 64-bit) (preloaded format=pdflatex 2015.8.22)  22 AUG 2015 17:05
entering extended mode
**C:/Users/Li/Documents/GitHub/Workstation/Papers-Current/GaussGun/GaussGun.tex

(C:/Users/Li/Documents/GitHub/Workstation/Papers-Current/GaussGun/GaussGun.tex
LaTeX2e <2014/05/01>
Babel <3.9l> and hyphenation patterns for 68 languages loaded.
(ieeeconf.cls
Document Class: ieeeconf 2004/1/15 revision V1.6b by Pradeep Misra
\@IEEEtrantmpdimenA=\dimen102
\@IEEEtrantmpdimenB=\dimen103
\@IEEEtrantmpcountA=\count79
\@IEEEtrantmpcountB=\count80
\@IEEEtrantmptoksA=\toks14
LaTeX Font Info:    Try loading font information for OT1+ptm on input line 792.

("F:\Program Files\MiKTeX 2.9\tex\latex\psnfss\ot1ptm.fd"
File: ot1ptm.fd 2001/06/04 font definitions for OT1/ptm.
)
\@IEEEnormalsizefontbaselineskip=\skip41

-- This is a 10 point document.
\normalsizebaselineskip=\skip42
\normaljot=\skip43
LaTeX Font Info:    Font shape `OT1/ptm/bx/n' in size <5> not available
(Font)              Font shape `OT1/ptm/b/n' tried instead on input line 1111.
LaTeX Font Info:    Font shape `OT1/ptm/bx/it' in size <5> not available
(Font)              Font shape `OT1/ptm/b/it' tried instead on input line 1111.

LaTeX Font Info:    Font shape `OT1/ptm/bx/n' in size <7> not available
(Font)              Font shape `OT1/ptm/b/n' tried instead on input line 1111.
LaTeX Font Info:    Font shape `OT1/ptm/bx/it' in size <7> not available
(Font)              Font shape `OT1/ptm/b/it' tried instead on input line 1111.

LaTeX Font Info:    Font shape `OT1/ptm/bx/n' in size <8> not available
(Font)              Font shape `OT1/ptm/b/n' tried instead on input line 1111.
LaTeX Font Info:    Font shape `OT1/ptm/bx/it' in size <8> not available
(Font)              Font shape `OT1/ptm/b/it' tried instead on input line 1111.

LaTeX Font Info:    Font shape `OT1/ptm/bx/n' in size <9> not available
(Font)              Font shape `OT1/ptm/b/n' tried instead on input line 1111.
LaTeX Font Info:    Font shape `OT1/ptm/bx/it' in size <9> not available
(Font)              Font shape `OT1/ptm/b/it' tried instead on input line 1111.

LaTeX Font Info:    Font shape `OT1/ptm/bx/n' in size <10> not available
(Font)              Font shape `OT1/ptm/b/n' tried instead on input line 1111.
LaTeX Font Info:    Font shape `OT1/ptm/bx/it' in size <10> not available
(Font)              Font shape `OT1/ptm/b/it' tried instead on input line 1111.

LaTeX Font Info:    Font shape `OT1/ptm/bx/n' in size <11> not available
(Font)              Font shape `OT1/ptm/b/n' tried instead on input line 1111.
LaTeX Font Info:    Font shape `OT1/ptm/bx/it' in size <11> not available
(Font)              Font shape `OT1/ptm/b/it' tried instead on input line 1111.

LaTeX Font Info:    Font shape `OT1/ptm/bx/n' in size <12> not available
(Font)              Font shape `OT1/ptm/b/n' tried instead on input line 1111.
LaTeX Font Info:    Font shape `OT1/ptm/bx/it' in size <12> not available
(Font)              Font shape `OT1/ptm/b/it' tried instead on input line 1111.

LaTeX Font Info:    Font shape `OT1/ptm/bx/n' in size <16> not available
(Font)              Font shape `OT1/ptm/b/n' tried instead on input line 1111.
LaTeX Font Info:    Font shape `OT1/ptm/bx/it' in size <16> not available
(Font)              Font shape `OT1/ptm/b/it' tried instead on input line 1111.

LaTeX Font Info:    Font shape `OT1/ptm/bx/n' in size <20> not available
(Font)              Font shape `OT1/ptm/b/n' tried instead on input line 1111.
LaTeX Font Info:    Font shape `OT1/ptm/bx/it' in size <20> not available
(Font)              Font shape `OT1/ptm/b/it' tried instead on input line 1111.

LaTeX Font Info:    Font shape `OT1/ptm/bx/n' in size <24> not available
(Font)              Font shape `OT1/ptm/b/n' tried instead on input line 1111.
LaTeX Font Info:    Font shape `OT1/ptm/bx/it' in size <24> not available
(Font)              Font shape `OT1/ptm/b/it' tried instead on input line 1111.

\IEEEilabelindentA=\dimen104
\IEEEilabelindentB=\dimen105
\IEEEilabelindent=\dimen106
\IEEEelabelindent=\dimen107
\IEEEdlabelindent=\dimen108
\labelindent=\dimen109
\IEEEiednormlabelsep=\dimen110
\IEEEiedmathlabelsep=\dimen111
\IEEEiedtopsep=\skip44
\c@section=\count81
\c@subsection=\count82
\c@subsubsection=\count83
\c@paragraph=\count84
\c@IEEEsubequation=\count85
\abovecaptionskip=\skip45
\belowcaptionskip=\skip46
\c@figure=\count86
\c@table=\count87
\@IEEEeqnnumcols=\count88
\@IEEEeqncolcnt=\count89
\@IEEEtmpitemindent=\dimen112
\c@biography=\count90
\@IEEEtranrubishbin=\box26
)
** ATTENTION: Overriding command lockouts (line 27).
("F:\Program Files\MiKTeX 2.9\tex\latex\tools\calc.sty"
Package: calc 2014/10/28 v4.3 Infix arithmetic (KKT,FJ)
\calc@Acount=\count91
\calc@Bcount=\count92
\calc@Adimen=\dimen113
\calc@Bdimen=\dimen114
\calc@Askip=\skip47
\calc@Bskip=\skip48
LaTeX Info: Redefining \setlength on input line 75.
LaTeX Info: Redefining \addtolength on input line 76.
\calc@Ccount=\count93
\calc@Cskip=\skip49
)
("F:\Program Files\MiKTeX 2.9\tex\latex\url\url.sty"
\Urlmuskip=\muskip10
Package: url 2013/09/16  ver 3.4  Verb mode for urls, etc.
)
("F:\Program Files\MiKTeX 2.9\tex\latex\hyperref\hyperref.sty"
Package: hyperref 2012/11/06 v6.83m Hypertext links for LaTeX

("F:\Program Files\MiKTeX 2.9\tex\generic\oberdiek\hobsub-hyperref.sty"
Package: hobsub-hyperref 2012/04/25 v1.12 Bundle oberdiek, subset hyperref (HO)


("F:\Program Files\MiKTeX 2.9\tex\generic\oberdiek\hobsub-generic.sty"
Package: hobsub-generic 2012/04/25 v1.12 Bundle oberdiek, subset generic (HO)
Package: hobsub 2012/04/25 v1.12 Construct package bundles (HO)
Package: infwarerr 2010/04/08 v1.3 Providing info/warning/error messages (HO)
Package: ltxcmds 2011/11/09 v1.22 LaTeX kernel commands for general use (HO)
Package: ifluatex 2010/03/01 v1.3 Provides the ifluatex switch (HO)
Package ifluatex Info: LuaTeX not detected.
Package: ifvtex 2010/03/01 v1.5 Detect VTeX and its facilities (HO)
Package ifvtex Info: VTeX not detected.
Package: intcalc 2007/09/27 v1.1 Expandable calculations with integers (HO)
Package: ifpdf 2011/01/30 v2.3 Provides the ifpdf switch (HO)
Package ifpdf Info: pdfTeX in PDF mode is detected.
Package: etexcmds 2011/02/16 v1.5 Avoid name clashes with e-TeX commands (HO)
Package etexcmds Info: Could not find \expanded.
(etexcmds)             That can mean that you are not using pdfTeX 1.50 or
(etexcmds)             that some package has redefined \expanded.
(etexcmds)             In the latter case, load this package earlier.
Package: kvsetkeys 2012/04/25 v1.16 Key value parser (HO)
Package: kvdefinekeys 2011/04/07 v1.3 Define keys (HO)
Package: pdftexcmds 2011/11/29 v0.20 Utility functions of pdfTeX for LuaTeX (HO
)
Package pdftexcmds Info: LuaTeX not detected.
Package pdftexcmds Info: \pdf@primitive is available.
Package pdftexcmds Info: \pdf@ifprimitive is available.
Package pdftexcmds Info: \pdfdraftmode found.
Package: pdfescape 2011/11/25 v1.13 Implements pdfTeX's escape features (HO)
Package: bigintcalc 2012/04/08 v1.3 Expandable calculations on big integers (HO
)
Package: bitset 2011/01/30 v1.1 Handle bit-vector datatype (HO)
Package: uniquecounter 2011/01/30 v1.2 Provide unlimited unique counter (HO)
)
Package hobsub Info: Skipping package `hobsub' (already loaded).
Package: letltxmacro 2010/09/02 v1.4 Let assignment for LaTeX macros (HO)
Package: hopatch 2011/06/24 v1.1 Wrapper for package hooks (HO)
Package: xcolor-patch 2011/01/30 xcolor patch
Package: atveryend 2011/06/30 v1.8 Hooks at the very end of document (HO)
Package atveryend Info: \enddocument detected (standard20110627).
Package: atbegshi 2011/10/05 v1.16 At begin shipout hook (HO)
Package: refcount 2011/10/16 v3.4 Data extraction from label references (HO)
Package: hycolor 2011/01/30 v1.7 Color options for hyperref/bookmark (HO)
)
("F:\Program Files\MiKTeX 2.9\tex\latex\graphics\keyval.sty"
Package: keyval 2014/10/28 v1.15 key=value parser (DPC)
\KV@toks@=\toks15
)
("F:\Program Files\MiKTeX 2.9\tex\generic\ifxetex\ifxetex.sty"
Package: ifxetex 2010/09/12 v0.6 Provides ifxetex conditional
)
("F:\Program Files\MiKTeX 2.9\tex\latex\oberdiek\auxhook.sty"
Package: auxhook 2011/03/04 v1.3 Hooks for auxiliary files (HO)
)
("F:\Program Files\MiKTeX 2.9\tex\latex\oberdiek\kvoptions.sty"
Package: kvoptions 2011/06/30 v3.11 Key value format for package options (HO)
)
\@linkdim=\dimen115
\Hy@linkcounter=\count94
\Hy@pagecounter=\count95

("F:\Program Files\MiKTeX 2.9\tex\latex\hyperref\pd1enc.def"
File: pd1enc.def 2012/11/06 v6.83m Hyperref: PDFDocEncoding definition (HO)
)
\Hy@SavedSpaceFactor=\count96

("F:\Program Files\MiKTeX 2.9\tex\latex\00miktex\hyperref.cfg"
File: hyperref.cfg 2002/06/06 v1.2 hyperref configuration of TeXLive
)
Package hyperref Info: Hyper figures OFF on input line 4443.
Package hyperref Info: Link nesting OFF on input line 4448.
Package hyperref Info: Hyper index ON on input line 4451.
Package hyperref Info: Plain pages OFF on input line 4458.
Package hyperref Info: Backreferencing OFF on input line 4463.
Package hyperref Info: Implicit mode ON; LaTeX internals redefined.
Package hyperref Info: Bookmarks ON on input line 4688.
\c@Hy@tempcnt=\count97
LaTeX Info: Redefining \url on input line 5041.
\XeTeXLinkMargin=\dimen116
\Fld@menulength=\count98
\Field@Width=\dimen117
\Fld@charsize=\dimen118
Package hyperref Info: Hyper figures OFF on input line 6295.
Package hyperref Info: Link nesting OFF on input line 6300.
Package hyperref Info: Hyper index ON on input line 6303.
Package hyperref Info: backreferencing OFF on input line 6310.
Package hyperref Info: Link coloring OFF on input line 6315.
Package hyperref Info: Link coloring with OCG OFF on input line 6320.
Package hyperref Info: PDF/A mode OFF on input line 6325.
LaTeX Info: Redefining \ref on input line 6365.
LaTeX Info: Redefining \pageref on input line 6369.
\Hy@abspage=\count99
\c@Item=\count100
\c@Hfootnote=\count101
)

Package hyperref Message: Driver (autodetected): hpdftex.

("F:\Program Files\MiKTeX 2.9\tex\latex\hyperref\hpdftex.def"
File: hpdftex.def 2012/11/06 v6.83m Hyperref driver for pdfTeX
\Fld@listcount=\count102
\c@bookmark@seq@number=\count103

("F:\Program Files\MiKTeX 2.9\tex\latex\oberdiek\rerunfilecheck.sty"
Package: rerunfilecheck 2011/04/15 v1.7 Rerun checks for auxiliary files (HO)
Package uniquecounter Info: New unique counter `rerunfilecheck' on input line 2
82.
)
\Hy@SectionHShift=\skip50
)
("F:\Program Files\MiKTeX 2.9\tex\latex\graphics\graphicx.sty"
Package: graphicx 2014/10/28 v1.0g Enhanced LaTeX Graphics (DPC,SPQR)

("F:\Program Files\MiKTeX 2.9\tex\latex\graphics\graphics.sty"
Package: graphics 2014/10/28 v1.0p Standard LaTeX Graphics (DPC,SPQR)

("F:\Program Files\MiKTeX 2.9\tex\latex\graphics\trig.sty"
Package: trig 1999/03/16 v1.09 sin cos tan (DPC)
)
("F:\Program Files\MiKTeX 2.9\tex\latex\00miktex\graphics.cfg"
File: graphics.cfg 2007/01/18 v1.5 graphics configuration of teTeX/TeXLive
)
Package graphics Info: Driver file: pdftex.def on input line 91.

("F:\Program Files\MiKTeX 2.9\tex\latex\pdftex-def\pdftex.def"
File: pdftex.def 2011/05/27 v0.06d Graphics/color for pdfTeX
\Gread@gobject=\count104
))
\Gin@req@height=\dimen119
\Gin@req@width=\dimen120
)
("F:\Program Files\MiKTeX 2.9\tex\latex\amsmath\amsmath.sty"
Package: amsmath 2013/01/14 v2.14 AMS math features
\@mathmargin=\skip51

For additional information on amsmath, use the `?' option.
("F:\Program Files\MiKTeX 2.9\tex\latex\amsmath\amstext.sty"
Package: amstext 2000/06/29 v2.01

("F:\Program Files\MiKTeX 2.9\tex\latex\amsmath\amsgen.sty"
File: amsgen.sty 1999/11/30 v2.0
\@emptytoks=\toks16
\ex@=\dimen121
))
("F:\Program Files\MiKTeX 2.9\tex\latex\amsmath\amsbsy.sty"
Package: amsbsy 1999/11/29 v1.2d
\pmbraise@=\dimen122
)
("F:\Program Files\MiKTeX 2.9\tex\latex\amsmath\amsopn.sty"
Package: amsopn 1999/12/14 v2.01 operator names
)
\inf@bad=\count105
LaTeX Info: Redefining \frac on input line 210.
\uproot@=\count106
\leftroot@=\count107
LaTeX Info: Redefining \overline on input line 306.
\classnum@=\count108
\DOTSCASE@=\count109
LaTeX Info: Redefining \ldots on input line 378.
LaTeX Info: Redefining \dots on input line 381.
LaTeX Info: Redefining \cdots on input line 466.
\Mathstrutbox@=\box27
\strutbox@=\box28
\big@size=\dimen123
LaTeX Font Info:    Redeclaring font encoding OML on input line 566.
LaTeX Font Info:    Redeclaring font encoding OMS on input line 567.
\macc@depth=\count110
\c@MaxMatrixCols=\count111
\dotsspace@=\muskip11
\c@parentequation=\count112
\dspbrk@lvl=\count113
\tag@help=\toks17
\row@=\count114
\column@=\count115
\maxfields@=\count116
\andhelp@=\toks18
\eqnshift@=\dimen124
\alignsep@=\dimen125
\tagshift@=\dimen126
\tagwidth@=\dimen127
\totwidth@=\dimen128
\lineht@=\dimen129
\@envbody=\toks19
\multlinegap=\skip52
\multlinetaggap=\skip53
\mathdisplay@stack=\toks20
LaTeX Info: Redefining \[ on input line 2665.
LaTeX Info: Redefining \] on input line 2666.
)
("F:\Program Files\MiKTeX 2.9\tex\latex\amsfonts\amssymb.sty"
Package: amssymb 2013/01/14 v3.01 AMS font symbols

("F:\Program Files\MiKTeX 2.9\tex\latex\amsfonts\amsfonts.sty"
Package: amsfonts 2013/01/14 v3.01 Basic AMSFonts support
\symAMSa=\mathgroup4
\symAMSb=\mathgroup5
LaTeX Font Info:    Overwriting math alphabet `\mathfrak' in version `bold'
(Font)                  U/euf/m/n --> U/euf/b/n on input line 106.
))
("F:\Program Files\MiKTeX 2.9\tex\latex\rotating\rotating.sty"
Package: rotating 2009/03/28 v2.16a rotated objects in LaTeX

("F:\Program Files\MiKTeX 2.9\tex\latex\base\ifthen.sty"
Package: ifthen 2014/09/29 v1.1c Standard LaTeX ifthen package (DPC)
)
\c@r@tfl@t=\count117
\rotFPtop=\skip54
\rotFPbot=\skip55
\rot@float@box=\box29
\rot@mess@toks=\toks21
)
("F:\Program Files\MiKTeX 2.9\tex\latex\units\nicefrac.sty"
Package: nicefrac 1998/08/04 v0.9b Nice fractions
\L@UnitsRaiseDisplaystyle=\skip56
\L@UnitsRaiseTextstyle=\skip57
\L@UnitsRaiseScriptstyle=\skip58
)
("F:\Program Files\MiKTeX 2.9\tex\latex\cite\cite.sty"
LaTeX Info: Redefining \cite on input line 302.
LaTeX Info: Redefining \nocite on input line 332.
Package: cite 2015/02/27  v 5.5
)
("F:\Program Files\MiKTeX 2.9\tex\latex\subfig\subfig.sty"
Package: subfig 2005/06/28 ver: 1.3 subfig package

("F:\Program Files\MiKTeX 2.9\tex\latex\caption\caption3.sty"
Package: caption3 2013/05/02 v1.6-88 caption3 kernel (AR)
Package caption3 Info: TeX engine: e-TeX on input line 57.
\captionmargin=\dimen130
\captionmargin@=\dimen131
\captionwidth=\dimen132
\caption@tempdima=\dimen133
\caption@indent=\dimen134
\caption@parindent=\dimen135
\caption@hangindent=\dimen136
Package caption Info: Unknown document class (or package),
(caption)             standard defaults will be used.
)
\c@KVtest=\count118
\sf@farskip=\skip59
\sf@captopadj=\dimen137
\sf@capskip=\skip60
\sf@nearskip=\skip61
\c@subfigure=\count119
\c@subfigure@save=\count120
\c@lofdepth=\count121
\c@subtable=\count122
\c@subtable@save=\count123
\c@lotdepth=\count124
\sf@top=\skip62
\sf@bottom=\skip63
)
("F:\Program Files\MiKTeX 2.9\tex\latex\graphics\color.sty"
Package: color 2014/10/28 v1.1a Standard LaTeX Color (DPC)

("F:\Program Files\MiKTeX 2.9\tex\latex\00miktex\color.cfg"
File: color.cfg 2007/01/18 v1.5 color configuration of teTeX/TeXLive
)
Package color Info: Driver file: pdftex.def on input line 137.

("F:\Program Files\MiKTeX 2.9\tex\latex\graphics\dvipsnam.def"
File: dvipsnam.def 2014/10/14 v3.0j Driver-dependent file (DPC,SPQR)
))
("F:\Program Files\MiKTeX 2.9\tex\latex\colortbl\colortbl.sty"
Package: colortbl 2012/02/13 v1.0a Color table columns (DPC)

("F:\Program Files\MiKTeX 2.9\tex\latex\tools\array.sty"
Package: array 2014/10/28 v2.4c Tabular extension package (FMi)
\col@sep=\dimen138
\extrarowheight=\dimen139
\NC@list=\toks22
\extratabsurround=\skip64
\backup@length=\skip65
)
\everycr=\toks23
\minrowclearance=\skip66
)
("F:\Program Files\MiKTeX 2.9\tex\latex\overpic\overpic.sty"
Package: overpic 2010/09/13 v0.53  Overwriting graphics

Package: overpic v0.53 <2010/09/13> (RN)
("F:\Program Files\MiKTeX 2.9\tex\latex\eepic\epic.sty"
Enhancements to Picture Environment. Version 1.2 - Released June 1, 1986
\@@multicnt=\count125
\d@lta=\count126
\@delta=\dimen140
\@@delta=\dimen141
\@gridcnt=\count127
\@joinkind=\count128
\@dotgap=\dimen142
\@ddotgap=\dimen143
\@x@diff=\count129
\@y@diff=\count130
\x@diff=\dimen144
\y@diff=\dimen145
\@dotbox=\box30
\num@segments=\count131
\num@segmentsi=\count132
\@datafile=\read1
)
overpic: relative positioning in percent
) ("F:\Program Files\MiKTeX 2.9\tex\latex\breqn\breqn.sty"
("F:\Program Files\MiKTeX 2.9\tex\latex\l3kernel\expl3.sty"
Package: expl3 2015/03/01 v5547 L3 programming layer (loader) 

("F:\Program Files\MiKTeX 2.9\tex\latex\l3kernel\expl3-code.tex"
Package: expl3 2015/03/01 v5547 L3 programming layer (code) 
L3 Module: l3bootstrap 2015/02/28 v5542 L3 Bootstrap code

("F:\Program Files\MiKTeX 2.9\tex\latex\misc\etex.sty"
Package: etex 2015/03/02 v2.1 eTeX basic definition package (PEB,DPC)
\et@xins=\count133
)
L3 Module: l3names 2015/02/24 v5535 L3 Namespace for primitives
L3 Module: l3basics 2015/01/27 v5500 L3 Basic definitions
L3 Module: l3expan 2014/11/27 v5472 L3 Argument expansion
L3 Module: l3tl 2015/01/27 v5500 L3 Token lists
L3 Module: l3str 2015/03/01 v5545 L3 Strings
L3 Module: l3seq 2014/08/23 v5354 L3 Sequences and stacks
L3 Module: l3int 2015/02/21 v5529 L3 Integers
\c_max_int=\count134
\l_tmpa_int=\count135
\l_tmpb_int=\count136
\g_tmpa_int=\count137
\g_tmpb_int=\count138
L3 Module: l3quark 2014/08/23 v5354 L3 Quarks
L3 Module: l3prg 2014/08/23 v5354 L3 Control structures
\g__prg_map_int=\count139
L3 Module: l3clist 2014/08/23 v5354 L3 Comma separated lists
L3 Module: l3token 2014/09/15 v5422 L3 Experimental token manipulation
L3 Module: l3prop 2014/08/23 v5354 L3 Property lists
L3 Module: l3msg 2015/02/26 v5537 L3 Messages
L3 Module: l3file 2014/08/24 v5369 L3 File and I/O operations
\l_iow_line_count_int=\count140
\l__iow_target_count_int=\count141
\l__iow_current_line_int=\count142
\l__iow_current_word_int=\count143
\l__iow_current_indentation_int=\count144
L3 Module: l3skip 2014/08/23 v5354 L3 Dimensions and skips
\c_zero_dim=\dimen146
\c_max_dim=\dimen147
\l_tmpa_dim=\dimen148
\l_tmpb_dim=\dimen149
\g_tmpa_dim=\dimen150
\g_tmpb_dim=\dimen151
\c_zero_skip=\skip67
\c_max_skip=\skip68
\l_tmpa_skip=\skip69
\l_tmpb_skip=\skip70
\g_tmpa_skip=\skip71
\g_tmpb_skip=\skip72
\c_zero_muskip=\muskip12
\c_max_muskip=\muskip13
\l_tmpa_muskip=\muskip14
\l_tmpb_muskip=\muskip15
\g_tmpa_muskip=\muskip16
\g_tmpb_muskip=\muskip17
L3 Module: l3keys 2015/01/27 v5500 L3 Key-value interfaces
\g__keyval_level_int=\count145
\l_keys_choice_int=\count146
L3 Module: l3fp 2014/08/22 v5336 L3 Floating points
\c__fp_leading_shift_int=\count147
\c__fp_middle_shift_int=\count148
\c__fp_trailing_shift_int=\count149
\c__fp_big_leading_shift_int=\count150
\c__fp_big_middle_shift_int=\count151
\c__fp_big_trailing_shift_int=\count152
\c__fp_Bigg_leading_shift_int=\count153
\c__fp_Bigg_middle_shift_int=\count154
\c__fp_Bigg_trailing_shift_int=\count155
L3 Module: l3box 2014/08/23 v5354 L3 Experimental boxes
\c_empty_box=\box31
\l_tmpa_box=\box32
\l_tmpb_box=\box33
\g_tmpa_box=\box34
\g_tmpb_box=\box35
L3 Module: l3coffins 2014/08/23 v5354 L3 Coffin code layer
\l__coffin_internal_box=\box36
\l__coffin_internal_dim=\dimen152
\l__coffin_offset_x_dim=\dimen153
\l__coffin_offset_y_dim=\dimen154
\l__coffin_x_dim=\dimen155
\l__coffin_y_dim=\dimen156
\l__coffin_x_prime_dim=\dimen157
\l__coffin_y_prime_dim=\dimen158
\c_empty_coffin=\box37
\l__coffin_aligned_coffin=\box38
\l__coffin_aligned_internal_coffin=\box39
\l_tmpa_coffin=\box40
\l_tmpb_coffin=\box41
\l__coffin_display_coffin=\box42
\l__coffin_display_coord_coffin=\box43
\l__coffin_display_pole_coffin=\box44
\l__coffin_display_offset_dim=\dimen159
\l__coffin_display_x_dim=\dimen160
\l__coffin_display_y_dim=\dimen161
L3 Module: l3color 2014/08/23 v5354 L3 Experimental color support
L3 Module: l3candidates 2015/03/01 v5544 L3 Experimental additions to l3kernel
\l__box_top_dim=\dimen162
\l__box_bottom_dim=\dimen163
\l__box_left_dim=\dimen164
\l__box_right_dim=\dimen165
\l__box_top_new_dim=\dimen166
\l__box_bottom_new_dim=\dimen167
\l__box_left_new_dim=\dimen168
\l__box_right_new_dim=\dimen169
\l__box_internal_box=\box45
\l__coffin_bounding_shift_dim=\dimen170
\l__coffin_left_corner_dim=\dimen171
\l__coffin_right_corner_dim=\dimen172
\l__coffin_bottom_corner_dim=\dimen173
\l__coffin_top_corner_dim=\dimen174
\l__coffin_scaled_total_height_dim=\dimen175
\l__coffin_scaled_width_dim=\dimen176
)
("F:\Program Files\MiKTeX 2.9\tex\latex\l3kernel\l3unicode-data.def"
File: l3unicode-data.def 2015/03/01 v5544 L3 Unicode data
)
("F:\Program Files\MiKTeX 2.9\tex\latex\l3kernel\l3pdfmode.def"
File: l3pdfmode.def 2015/03/01 v5544 L3 Experimental driver: PDF mode
\l__driver_color_stack_int=\count156
))
Package: breqn 2012/05/10 v0.98b Breaking equations

("F:\Program Files\MiKTeX 2.9\tex\latex\breqn\flexisym.sty"
Package: flexisym 2013/03/16 v0.97c Make math characters macros
LaTeX Info: Redefining \textprime on input line 299.
LaTeX Info: Redefining \not on input line 357.

("F:\Program Files\MiKTeX 2.9\tex\latex\breqn\cmbase.sym"
File: cmbase.sym 2007/12/19 v0.92
LaTeX Info: Redefining \hbar on input line 324.
LaTeX Info: Redefining \surd on input line 326.
LaTeX Info: Redefining \angle on input line 334.
LaTeX Info: Redefining \neq on input line 335.
LaTeX Info: Redefining \mapsto on input line 336.
LaTeX Info: Redefining \cong on input line 337.
LaTeX Info: Redefining \notin on input line 340.
LaTeX Info: Redefining \rightleftharpoons on input line 341.
LaTeX Info: Redefining \doteq on input line 342.
LaTeX Info: Redefining \hookrightarrow on input line 343.
LaTeX Info: Redefining \hookleftarrow on input line 344.
LaTeX Info: Redefining \bowtie on input line 345.
LaTeX Info: Redefining \models on input line 346.
LaTeX Info: Redefining \Longrightarrow on input line 347.
LaTeX Info: Redefining \longrightarrow on input line 348.
LaTeX Info: Redefining \Longleftarrow on input line 349.
LaTeX Info: Redefining \longleftarrow on input line 350.
LaTeX Info: Redefining \longmapsto on input line 351.
LaTeX Info: Redefining \longleftrightarrow on input line 352.
LaTeX Info: Redefining \Longleftrightarrow on input line 353.
LaTeX Info: Redefining \cdots on input line 357.
LaTeX Info: Redefining \vdots on input line 360.
LaTeX Info: Redefining \ddots on input line 365.
)
("F:\Program Files\MiKTeX 2.9\tex\latex\breqn\mathstyle.sty"
Package: mathstyle 2014/06/10 v0.90a Tracking mathstyle implicitly
LaTeX Info: Redefining \displaystyle on input line 82.
LaTeX Info: Redefining \textstyle on input line 84.
LaTeX Info: Redefining \scriptstyle on input line 86.
LaTeX Info: Redefining \scriptscriptstyle on input line 88.
LaTeX Info: Redefining \genfrac on input line 122.
))
\inf@bad=\count157
\maxint=\count158
\listwidth=\dimen177
\eqnumsep=\dimen178
\eqmargin=\dimen179
\eqlinespacing=\skip73
\eqlineskip=\skip74
\eqlineskiplimit=\dimen180
\eqbinoffset=\muskip18
\eqdelimoffset=\muskip19
\eqindentstep=\dimen181
\eqstyle=\toks24
\eqbreakdepth=\count159
\eqinterlinepenalty=\count160
\intereqpenalty=\count161
\intereqskip=\skip75
\prerelpenalty=\count162
\prebinoppenalty=\count163
\Dmedmuskip=\muskip20
\Dthickmuskip=\muskip21
\eqleftskip=\skip76
\eqrightskip=\skip77
\eq@vspan=\skip78
\eq@binoffset=\muskip22
\EQ@box=\box46
\EQ@copy=\box47
\EQ@numbox=\box48
\eq@wdNum=\dimen182
\GRP@numbox=\box49
\grp@wdNum=\dimen183
\eq@lines=\count164
\eq@curline=\count165
\eq@badness=\count166
\EQ@vims=\count167
\eq@dp=\dimen184
\eq@wdL=\dimen185
\eq@wdT=\dimen186
\eq@wdMin=\dimen187
\grp@wdL=\dimen188
\grp@wdR=\dimen189
\grp@wdT=\dimen190
\eq@wdRmax=\dimen191
\eq@firstht=\dimen192
\eq@wdCond=\dimen193
\eq@indentstep=\dimen194
\eq@linewidth=\dimen195
\grp@linewidth=\dimen196
\eq@hshift=\dimen197
\eq@given@sidespace=\dimen198
\mathindent=\dimen199
\eq@final@linecount=\count168
\eq@wdR=\dimen200
\EQ@continue=\toks25
\lr@level=\count169
\GRP@queue=\toks26
\GRP@box=\box50
\GRP@wholebox=\box51
\darraycolsep=\skip79
\cur@row=\count170
\cur@col=\count171
\conditionsep=\skip80
)
("F:\Program Files\MiKTeX 2.9\tex\latex\algorithms\algorithm.sty"
Package: algorithm 2009/08/24 v0.1 Document Style `algorithm' - floating enviro
nment

("F:\Program Files\MiKTeX 2.9\tex\latex\float\float.sty"
Package: float 2001/11/08 v1.3d Float enhancements (AL)
\c@float@type=\count172
\float@exts=\toks27
\float@box=\box52
\@float@everytoks=\toks28
\@floatcapt=\box53
)
\@float@every@algorithm=\toks29
\c@algorithm=\count173
)
("F:\Program Files\MiKTeX 2.9\tex\latex\algorithmicx\algpseudocode.sty"
Package: algpseudocode 

("F:\Program Files\MiKTeX 2.9\tex\latex\algorithmicx\algorithmicx.sty"
Package: algorithmicx 2005/04/27 v1.2 Algorithmicx

Document Style algorithmicx 1.2 - a greatly improved `algorithmic' style
\c@ALG@line=\count174
\c@ALG@rem=\count175
\c@ALG@nested=\count176
\ALG@tlm=\skip81
\ALG@thistlm=\skip82
\c@ALG@Lnr=\count177
\c@ALG@blocknr=\count178
\c@ALG@storecount=\count179
\c@ALG@tmpcounter=\count180
\ALG@tmplength=\skip83
)
Document Style - pseudocode environments for use with the `algorithmicx' style
) ("F:\Program Files\MiKTeX 2.9\tex\latex\multirow\multirow.sty"
\bigstrutjot=\dimen201
)
("F:\Program Files\MiKTeX 2.9\tex\latex\soul\soul.sty"
Package: soul 2003/11/17 v2.4 letterspacing/underlining (mf)
\SOUL@word=\toks30
\SOUL@lasttoken=\toks31
\SOUL@cmds=\toks32
\SOUL@buffer=\toks33
\SOUL@token=\toks34
\SOUL@spaceskip=\skip84
Normal \dimen register pool exhausted, switching to extended pool.
\SOUL@ttwidth=\dimen256
\SOUL@uldp=\dimen257
\SOUL@ulht=\dimen258
)
("F:\Program Files\MiKTeX 2.9\tex\latex\tools\bm.sty"
Package: bm 2014/10/28 v1.1c Bold Symbol Support (DPC/FMi)
\symboldoperators=\mathgroup6
\symboldletters=\mathgroup7
\symboldsymbols=\mathgroup8
LaTeX Font Info:    Redeclaring math alphabet \mathbf on input line 137.
LaTeX Info: Redefining \bm on input line 203.
)
LaTeX Info: Redefining \atan2 on input line 150.
\c@theorem=\count181
 (GaussGun.aux)
LaTeX Font Info:    Checking defaults for OML/cmm/m/it on input line 156.
LaTeX Font Info:    ... okay on input line 156.
LaTeX Font Info:    Checking defaults for T1/cmr/m/n on input line 156.
LaTeX Font Info:    ... okay on input line 156.
LaTeX Font Info:    Checking defaults for OT1/cmr/m/n on input line 156.
LaTeX Font Info:    ... okay on input line 156.
LaTeX Font Info:    Checking defaults for OMS/cmsy/m/n on input line 156.
LaTeX Font Info:    ... okay on input line 156.
LaTeX Font Info:    Checking defaults for OMX/cmex/m/n on input line 156.
LaTeX Font Info:    ... okay on input line 156.
LaTeX Font Info:    Checking defaults for U/cmr/m/n on input line 156.
LaTeX Font Info:    ... okay on input line 156.
LaTeX Font Info:    Checking defaults for PD1/pdf/m/n on input line 156.
LaTeX Font Info:    ... okay on input line 156.
\AtBeginShipoutBox=\box54
Package hyperref Info: Link coloring OFF on input line 156.

("F:\Program Files\MiKTeX 2.9\tex\latex\hyperref\nameref.sty"
Package: nameref 2012/10/27 v2.43 Cross-referencing by name of section

("F:\Program Files\MiKTeX 2.9\tex\generic\oberdiek\gettitlestring.sty"
Package: gettitlestring 2010/12/03 v1.4 Cleanup title references (HO)
)
\c@section@level=\count182
)
LaTeX Info: Redefining \ref on input line 156.
LaTeX Info: Redefining \pageref on input line 156.
LaTeX Info: Redefining \nameref on input line 156.

(GaussGun.out) (GaussGun.out)
\@outlinefile=\write3

("F:\Program Files\MiKTeX 2.9\tex\context\base\supp-pdf.mkii"
[Loading MPS to PDF converter (version 2006.09.02).]
\scratchcounter=\count183
\scratchdimen=\dimen259
\scratchbox=\box55
\nofMPsegments=\count184
\nofMParguments=\count185
\everyMPshowfont=\toks35
\MPscratchCnt=\count186
\MPscratchDim=\dimen260
\MPnumerator=\count187
\makeMPintoPDFobject=\count188
\everyMPtoPDFconversion=\toks36
)
Package caption Info: Begin \AtBeginDocument code.
Package caption Info: subfig package v1.3 is loaded.
Package caption Info: End \AtBeginDocument code.
LaTeX Font Info:    Try loading font information for U+msa on input line 178.
 ("F:\Program Files\MiKTeX 2.9\tex\latex\amsfonts\umsa.fd"
File: umsa.fd 2013/01/14 v3.01 AMS symbols A
)
LaTeX Font Info:    Try loading font information for U+msb on input line 178.

("F:\Program Files\MiKTeX 2.9\tex\latex\amsfonts\umsb.fd"
File: umsb.fd 2013/01/14 v3.01 AMS symbols B
)
LaTeX Font Info:    Try loading font information for OT1+pcr on input line 178.


("F:\Program Files\MiKTeX 2.9\tex\latex\psnfss\ot1pcr.fd"
File: ot1pcr.fd 2001/06/04 font definitions for OT1/pcr.
)
Underfull \hbox (badness 5203) in paragraph at lines 178--178
[][][]\OT1/ptm/m/n/8 A. T. Becker is with the Dept. of Elec-tri-cal and Com-put
er
 []


Underfull \hbox (badness 10000) in paragraph at lines 178--178
\OT1/ptm/m/n/8 En-gi-neer-ing, Uni-ver-sity of Hous-ton, Hous-ton, TX 70004, US
A
 []


Underfull \hbox (badness 5022) in paragraph at lines 178--178
\OT1/ptm/m/n/8 De-part-ment of Car-dio-vas-cu-lar Surgery, Boston Chil-dren's H
os-pi-tal
 []


Underfull \hbox (badness 3965) in paragraph at lines 178--178
\OT1/ptm/m/n/8 and Har-vard Med-i-cal School, Boston, MA, 02115 USA \OT1/pcr/m/
n/9 first
 []

<./pictures/pdf/GaussGunToyAndMRI.pdf, id=65, 814.47592pt x 436.91974pt>
File: ./pictures/pdf/GaussGunToyAndMRI.pdf Graphic file (type pdf)

<use ./pictures/pdf/GaussGunToyAndMRI.pdf>
Package pdftex.def Info: ./pictures/pdf/GaussGunToyAndMRI.pdf used on input lin
e 196.
(pdftex.def)             Requested size: 245.71811pt x 131.81027pt.

Underfull \vbox (badness 1205) has occurred while \output is active []

 [1{C:/ProgramData/MiKTeX/2.9/pdftex/config/pdftex.map}


pdfTeX warning (ext4): destination with the same identifier (name{figure.1}) ha
s been already used, duplicate ignored

\AtBegShi@Output ...ipout \box \AtBeginShipoutBox 
                                                  \fi \fi 
l.218 
       <./pictures/pdf/GaussGunToyAndMRI.pdf>]
<./pictures/pdf/MagneticDipoleField3mmRast.pdf, id=88, 361.35pt x 335.15916pt>
File: ./pictures/pdf/MagneticDipoleField3mmRast.pdf Graphic file (type pdf)

<use ./pictures/pdf/MagneticDipoleField3mmRast.pdf>
Package pdftex.def Info: ./pictures/pdf/MagneticDipoleField3mmRast.pdf used on 
input line 282.
(pdftex.def)             Requested size: 124.51149pt x 115.48781pt.

<./pictures/pdf/MagneticDipoleField6mmRast.pdf, id=89, 361.35pt x 359.24916pt>
File: ./pictures/pdf/MagneticDipoleField6mmRast.pdf Graphic file (type pdf)

<use ./pictures/pdf/MagneticDipoleField6mmRast.pdf>
Package pdftex.def Info: ./pictures/pdf/MagneticDipoleField6mmRast.pdf used on 
input line 295.
(pdftex.def)             Requested size: 116.16368pt x 115.48781pt.
 [2pdfTeX warning (ext4): destination with the same identifier (name{figure.2})
 has been already used, duplicate ignored

\AtBegShi@Output ...ipout \box \AtBeginShipoutBox 
                                                  \fi \fi 
l.353  \end{align}
                   <./pictures/pdf/MagneticDipoleField3mmRast.pdf> <./pictures/
pdf/MagneticDipoleField6mmRast.pdf>]
<./pictures/pdf/AttractionForceBeforeAfter.pdf, id=159, 361.35pt x 243.91125pt>
File: ./pictures/pdf/AttractionForceBeforeAfter.pdf Graphic file (type pdf)
<use ./pictures/pdf/AttractionForceBeforeAfter.pdf>
Package pdftex.def Info: ./pictures/pdf/AttractionForceBeforeAfter.pdf used on 
input line 400.
(pdftex.def)             Requested size: 245.71811pt x 165.86116pt.

<./pictures/pdf/PEfors.pdf, id=164, 361.35pt x 213.35107pt>
File: ./pictures/pdf/PEfors.pdf Graphic file (type pdf)

<use ./pictures/pdf/PEfors.pdf>
Package pdftex.def Info: ./pictures/pdf/PEfors.pdf used on input line 449.
(pdftex.def)             Requested size: 117.94363pt x 69.63777pt.

<./pictures/pdf/PEfora.pdf, id=165, 361.35pt x 221.41621pt>
File: ./pictures/pdf/PEfora.pdf Graphic file (type pdf)

<use ./pictures/pdf/PEfora.pdf>
Package pdftex.def Info: ./pictures/pdf/PEfora.pdf used on input line 450.
(pdftex.def)             Requested size: 117.94363pt x 72.27023pt.

<./pictures/pdf/PEforN.pdf, id=166, 361.35pt x 232.83888pt>
File: ./pictures/pdf/PEforN.pdf Graphic file (type pdf)

<use ./pictures/pdf/PEforN.pdf>
Package pdftex.def Info: ./pictures/pdf/PEforN.pdf used on input line 451.
(pdftex.def)             Requested size: 117.94363pt x 75.9986pt.

<./pictures/pdf/PEforr.pdf, id=167, 361.35pt x 249.98996pt>
File: ./pictures/pdf/PEforr.pdf Graphic file (type pdf)

<use ./pictures/pdf/PEforr.pdf>
Package pdftex.def Info: ./pictures/pdf/PEforr.pdf used on input line 452.
(pdftex.def)             Requested size: 117.94363pt x 81.5967pt.

Underfull \hbox (badness 3536) in paragraph at lines 461--465
[]\OT1/ptm/m/n/10 Gauss guns are of-ten com-posed of one or more
 []


Underfull \hbox (badness 2635) in paragraph at lines 461--465
\OT1/ptm/m/n/10 neodymium mag-nets and sev-eral sim-i-larly sized steel
 []

[3pdfTeX warning (ext4): destination with the same identifier (name{figure.3}) 
has been already used, duplicate ignored

\AtBegShi@Output ...ipout \box \AtBeginShipoutBox 
                                                  \fi \fi 
l.465         \item
                    inside an MRI, steel is a stronger magnet than neodymium <.
/pictures/pdf/AttractionForceBeforeAfter.pdf>]
Underfull \hbox (badness 2277) in paragraph at lines 465--466
[]\OT1/ptm/m/n/10 inside an MRI, steel is a stronger mag-net than
 []

<./pictures/jpg/GaussGunComponents.JPG, id=205, 401.5pt x 150.964pt>
File: ./pictures/jpg/GaussGunComponents.JPG Graphic file (type jpg)

<use ./pictures/jpg/GaussGunComponents.JPG>
Package pdftex.def Info: ./pictures/jpg/GaussGunComponents.JPG used on input li
ne 478.
(pdftex.def)             Requested size: 245.71811pt x 92.39195pt.

<./pictures/jpg/CutAwayBeforeAfter.JPG, id=206, 1189.44376pt x 255.95625pt>
File: ./pictures/jpg/CutAwayBeforeAfter.JPG Graphic file (type jpg)

<use ./pictures/jpg/CutAwayBeforeAfter.JPG>
Package pdftex.def Info: ./pictures/jpg/CutAwayBeforeAfter.JPG used on input li
ne 496.
(pdftex.def)             Requested size: 245.71811pt x 52.87364pt.

Underfull \vbox (badness 1275) has occurred while \output is active []


<./pictures/pdf/MagneticStrengthExpMRI.pdf, id=215, 361.35pt x 267.84467pt>
File: ./pictures/pdf/MagneticStrengthExpMRI.pdf Graphic file (type pdf)

<use ./pictures/pdf/MagneticStrengthExpMRI.pdf>
Package pdftex.def Info: ./pictures/pdf/MagneticStrengthExpMRI.pdf used on inpu
t line 511.
(pdftex.def)             Requested size: 245.71811pt x 182.13605pt.
 [4pdfTeX warning (ext4): destination with the same identifier (name{figure.4})
 has been already used, duplicate ignored

\AtBegShi@Output ...ipout \box \AtBeginShipoutBox 
                                                  \fi \fi 
l.524      \end{align}
                      pdfTeX warning (ext4): destination with the same identifi
er (name{figure.5}) has been already used, duplicate ignored

\AtBegShi@Output ...ipout \box \AtBeginShipoutBox 
                                                  \fi \fi 
l.524      \end{align}
                      pdfTeX warning (ext4): destination with the same identifi
er (name{figure.6}) has been already used, duplicate ignored

\AtBegShi@Output ...ipout \box \AtBeginShipoutBox 
                                                  \fi \fi 
l.524      \end{align}
                      pdfTeX warning (ext4): destination with the same identifi
er (name{figure.7}) has been already used, duplicate ignored

\AtBegShi@Output ...ipout \box \AtBeginShipoutBox 
                                                  \fi \fi 
l.524      \end{align}
                       <./pictures/pdf/PEfors.pdf> <./pictures/pdf/PEfora.pdf> 
<./pictures/pdf/PEforN.pdf> <./pictures/pdf/PEforr.pdf> <./pictures/jpg/GaussGu
nComponents.JPG> <./pictures/jpg/CutAwayBeforeAfter.JPG> <./pictures/pdf/Magnet
icStrengthExpMRI.pdf>]
<./pictures/pdf/PenetrationExperimentOneStage.pdf, id=308, 361.35pt x 237.65187
pt>
File: ./pictures/pdf/PenetrationExperimentOneStage.pdf Graphic file (type pdf)
 <use ./pictures/pdf/PenetrationExperimentOneStage.pdf>
Package pdftex.def Info: ./pictures/pdf/PenetrationExperimentOneStage.pdf used 
on input line 564.
(pdftex.def)             Requested size: 245.71811pt x 161.60475pt.

<./pictures/png/GaussBoats.png, id=313, 1175.39125pt x 500.87125pt>
File: ./pictures/png/GaussBoats.png Graphic file (type png)

<use ./pictures/png/GaussBoats.png>
Package pdftex.def Info: ./pictures/png/GaussBoats.png used on input line 581.
(pdftex.def)             Requested size: 245.71811pt x 104.70457pt.

<./pictures/pdf/GGexperiment.pdf, id=316, 1951.29pt x 578.16pt>
File: ./pictures/pdf/GGexperiment.pdf Graphic file (type pdf)

<use ./pictures/pdf/GGexperiment.pdf>
Package pdftex.def Info: ./pictures/pdf/GGexperiment.pdf used on input line 611
.
(pdftex.def)             Requested size: 505.89pt x 149.88577pt.

<./pictures/pdf/MRIGaussGunSetupAllBeforeFiringAnnotate.pdf, id=318, 225.84375p
t x 383.4325pt>
File: ./pictures/pdf/MRIGaussGunSetupAllBeforeFiringAnnotate.pdf Graphic file (
type pdf)

<use ./pictures/pdf/MRIGaussGunSetupAllBeforeFiringAnnotate.pdf>
Package pdftex.def Info: ./pictures/pdf/MRIGaussGunSetupAllBeforeFiringAnnotate
.pdf used on input line 625.
(pdftex.def)             Requested size: 72.36452pt x 122.85905pt.

<./pictures/pdf/MRIGaussGunSetupAllAfterFiringAnnotate.pdf, id=319, 225.84375pt
 x 383.4325pt>
File: ./pictures/pdf/MRIGaussGunSetupAllAfterFiringAnnotate.pdf Graphic file (t
ype pdf)
 <use ./pictures/pdf/MRIGaussGunSetupAllAfterFiringAnnotate.pdf>
Package pdftex.def Info: ./pictures/pdf/MRIGaussGunSetupAllAfterFiringAnnotate.
pdf used on input line 627.
(pdftex.def)             Requested size: 72.36452pt x 122.85905pt.

<./pictures/pdf/GaussGunProjections.pdf, id=320, 905.3825pt x 364.36125pt>
File: ./pictures/pdf/GaussGunProjections.pdf Graphic file (type pdf)

<use ./pictures/pdf/GaussGunProjections.pdf>
Package pdftex.def Info: ./pictures/pdf/GaussGunProjections.pdf used on input l
ine 635.
(pdftex.def)             Requested size: 245.71811pt x 98.88478pt.
 [5pdfTeX warning (ext4): destination with the same identifier (name{table.1}) 
has been already used, duplicate ignored

\AtBegShi@Output ...ipout \box \AtBeginShipoutBox 
                                                  \fi \fi 
l.645 
      pdfTeX warning (ext4): destination with the same identifier (name{figure.
8}) has been already used, duplicate ignored

\AtBegShi@Output ...ipout \box \AtBeginShipoutBox 
                                                  \fi \fi 
l.645 
      pdfTeX warning (ext4): destination with the same identifier (name{figure.
9}) has been already used, duplicate ignored

\AtBegShi@Output ...ipout \box \AtBeginShipoutBox 
                                                  \fi \fi 
l.645 
       <./pictures/pdf/PenetrationExperimentOneStage.pdf> <./pictures/png/Gauss
Boats.png>] (GaussGun.bbl)

** Conference Paper **
Before submitting the final camera ready copy, remember to:

 1. Manually equalize the lengths of two columns on the last page
 of your paper;

 2. Ensure that any PostScript and/or PDF output post-processing
 uses only Type 1 fonts and that every step in the generation
 process uses the US letter (8.5in X 11in) paper size.

Package atveryend Info: Empty hook `BeforeClearDocument' on input line 654.
[6pdfTeX warning (ext4): destination with the same identifier (name{figure.10})
 has been already used, duplicate ignored

\AtBegShi@Output ...ipout \box \AtBeginShipoutBox 
                                                  \fi \fi 
l.654 \end{document}
                    pdfTeX warning (ext4): destination with the same identifier
 (name{figure.11}) has been already used, duplicate ignored

\AtBegShi@Output ...ipout \box \AtBeginShipoutBox 
                                                  \fi \fi 
l.654 \end{document}
                    pdfTeX warning (ext4): destination with the same identifier
 (name{figure.12}) has been already used, duplicate ignored

\AtBegShi@Output ...ipout \box \AtBeginShipoutBox 
                                                  \fi \fi 
l.654 \end{document}
                     <./pictures/pdf/GGexperiment.pdf> <./pictures/pdf/MRIGauss
GunSetupAllBeforeFiringAnnotate.pdf> <./pictures/pdf/MRIGaussGunSetupAllAfterFi
ringAnnotate.pdf> <./pictures/pdf/GaussGunProjections.pdf>]
Package atveryend Info: Empty hook `AfterLastShipout' on input line 654.
 (GaussGun.aux)
Package atveryend Info: Executing hook `AtVeryEndDocument' on input line 654.
Package atveryend Info: Executing hook `AtEndAfterFileList' on input line 654.
Package rerunfilecheck Info: File `GaussGun.out' has not changed.
(rerunfilecheck)             Checksum: 204C4E4FF409BB450409DFEDD0D32EA3;904.
Package atveryend Info: Empty hook `AtVeryVeryEnd' on input line 654.
 ) 
Here is how much of TeX's memory you used:
 15507 strings out of 493698
 259811 string characters out of 3144421
 331914 words of memory out of 3000000
 18541 multiletter control sequences out of 15000+200000
 55580 words of font info for 122 fonts, out of 3000000 for 9000
 1025 hyphenation exceptions out of 8191
 38i,13n,38p,10453b,378s stack positions out of 5000i,500n,10000p,200000b,50000s
{F:/Program Files/MiKTeX 2.9/fonts/enc/dvips/fontname/8r.enc}<F:/Program File
s/MiKTeX 2.9/fonts/type1/public/amsfonts/cm/cmbx10.pfb><F:/Program Files/MiKTeX
 2.9/fonts/type1/public/amsfonts/cm/cmbx7.pfb><F:/Program Files/MiKTeX 2.9/font
s/type1/public/amsfonts/cm/cmex10.pfb><F:/Program Files/MiKTeX 2.9/fonts/type1/
public/amsfonts/cm/cmmi10.pfb><F:/Program Files/MiKTeX 2.9/fonts/type1/public/a
msfonts/cm/cmmi5.pfb><F:/Program Files/MiKTeX 2.9/fonts/type1/public/amsfonts/c
m/cmmi6.pfb><F:/Program Files/MiKTeX 2.9/fonts/type1/public/amsfonts/cm/cmmi7.p
fb><F:/Program Files/MiKTeX 2.9/fonts/type1/public/amsfonts/cm/cmmi8.pfb><F:/Pr
ogram Files/MiKTeX 2.9/fonts/type1/public/amsfonts/cm/cmmi9.pfb><F:/Program Fil
es/MiKTeX 2.9/fonts/type1/public/amsfonts/cm/cmr10.pfb><F:/Program Files/MiKTeX
 2.9/fonts/type1/public/amsfonts/cm/cmr5.pfb><F:/Program Files/MiKTeX 2.9/fonts
/type1/public/amsfonts/cm/cmr6.pfb><F:/Program Files/MiKTeX 2.9/fonts/type1/pub
lic/amsfonts/cm/cmr7.pfb><F:/Program Files/MiKTeX 2.9/fonts/type1/public/amsfon
ts/cm/cmr8.pfb><F:/Program Files/MiKTeX 2.9/fonts/type1/public/amsfonts/cm/cmsy
10.pfb><F:/Program Files/MiKTeX 2.9/fonts/type1/public/amsfonts/cm/cmsy6.pfb><F
:/Program Files/MiKTeX 2.9/fonts/type1/public/amsfonts/cm/cmsy7.pfb><F:/Program
 Files/MiKTeX 2.9/fonts/type1/public/amsfonts/cm/cmsy8.pfb><F:/Program Files/Mi
KTeX 2.9/fonts/type1/urw/courier/ucrr8a.pfb><F:/Program Files/MiKTeX 2.9/fonts/
type1/urw/times/utmb8a.pfb><F:/Program Files/MiKTeX 2.9/fonts/type1/urw/times/u
tmbi8a.pfb><F:/Program Files/MiKTeX 2.9/fonts/type1/urw/times/utmr8a.pfb><F:/Pr
ogram Files/MiKTeX 2.9/fonts/type1/urw/times/utmri8a.pfb>
Output written on GaussGun.pdf (6 pages, 2654552 bytes).
PDF statistics:
 927 PDF objects out of 1000 (max. 8388607)
 69 named destinations out of 1000 (max. 500000)
 206 words of extra memory for PDF output out of 10000 (max. 10000000)

